2026-03-17 10:48:46,868 - app.main - INFO - 🚀 NexusFlow AI API starting up...
2026-03-17 10:48:46,968 - alembic.runtime.plugins - INFO - setup plugin alembic.autogenerate.schemas
2026-03-17 10:48:46,969 - alembic.runtime.plugins - INFO - setup plugin alembic.autogenerate.tables
2026-03-17 10:48:46,969 - alembic.runtime.plugins - INFO - setup plugin alembic.autogenerate.types
2026-03-17 10:48:46,969 - alembic.runtime.plugins - INFO - setup plugin alembic.autogenerate.constraints
2026-03-17 10:48:46,969 - alembic.runtime.plugins - INFO - setup plugin alembic.autogenerate.defaults
2026-03-17 10:48:46,969 - alembic.runtime.plugins - INFO - setup plugin alembic.autogenerate.comments
2026-03-17 10:48:47,100 - sqlalchemy.engine.Engine - INFO - select pg_catalog.version()
2026-03-17 10:48:47,100 - sqlalchemy.engine.Engine - INFO - [raw sql] {}
2026-03-17 10:48:47,102 - sqlalchemy.engine.Engine - INFO - select current_schema()
2026-03-17 10:48:47,102 - sqlalchemy.engine.Engine - INFO - [raw sql] {}
2026-03-17 10:48:47,104 - sqlalchemy.engine.Engine - INFO - show standard_conforming_strings
2026-03-17 10:48:47,104 - sqlalchemy.engine.Engine - INFO - [raw sql] {}
2026-03-17 10:48:47,105 - sqlalchemy.engine.Engine - INFO - BEGIN (implicit)
2026-03-17 10:48:47,108 - sqlalchemy.engine.Engine - INFO - SELECT pg_catalog.pg_class.relname 
FROM pg_catalog.pg_class JOIN pg_catalog.pg_namespace ON pg_catalog.pg_namespace.oid = pg_catalog.pg_class.relnamespace 
WHERE pg_catalog.pg_class.relname = %(table_name)s AND pg_catalog.pg_class.relkind = ANY (ARRAY[%(param_1)s, %(param_2)s, %(param_3)s, %(param_4)s, %(param_5)s]) AND pg_catalog.pg_table_is_visible(pg_catalog.pg_class.oid) AND pg_catalog.pg_namespace.nspname != %(nspname_1)s
2026-03-17 10:48:47,108 - sqlalchemy.engine.Engine - INFO - [generated in 0.00046s] {'table_name': 'users', 'param_1': 'r', 'param_2': 'p', 'param_3': 'f', 'param_4': 'v', 'param_5': 'm', 'nspname_1': 'pg_catalog'}
2026-03-17 10:48:47,113 - sqlalchemy.engine.Engine - INFO - SELECT pg_catalog.pg_class.relname 
FROM pg_catalog.pg_class JOIN pg_catalog.pg_namespace ON pg_catalog.pg_namespace.oid = pg_catalog.pg_class.relnamespace 
WHERE pg_catalog.pg_class.relname = %(table_name)s AND pg_catalog.pg_class.relkind = ANY (ARRAY[%(param_1)s, %(param_2)s, %(param_3)s, %(param_4)s, %(param_5)s]) AND pg_catalog.pg_table_is_visible(pg_catalog.pg_class.oid) AND pg_catalog.pg_namespace.nspname != %(nspname_1)s
2026-03-17 10:48:47,114 - sqlalchemy.engine.Engine - INFO - [cached since 0.006664s ago] {'table_name': 'tasks', 'param_1': 'r', 'param_2': 'p', 'param_3': 'f', 'param_4': 'v', 'param_5': 'm', 'nspname_1': 'pg_catalog'}
2026-03-17 10:48:47,115 - sqlalchemy.engine.Engine - INFO - SELECT pg_catalog.pg_class.relname 
FROM pg_catalog.pg_class JOIN pg_catalog.pg_namespace ON pg_catalog.pg_namespace.oid = pg_catalog.pg_class.relnamespace 
WHERE pg_catalog.pg_class.relname = %(table_name)s AND pg_catalog.pg_class.relkind = ANY (ARRAY[%(param_1)s, %(param_2)s, %(param_3)s, %(param_4)s, %(param_5)s]) AND pg_catalog.pg_table_is_visible(pg_catalog.pg_class.oid) AND pg_catalog.pg_namespace.nspname != %(nspname_1)s
2026-03-17 10:48:47,116 - sqlalchemy.engine.Engine - INFO - [cached since 0.008107s ago] {'table_name': 'task_comments', 'param_1': 'r', 'param_2': 'p', 'param_3': 'f', 'param_4': 'v', 'param_5': 'm', 'nspname_1': 'pg_catalog'}
2026-03-17 10:48:47,117 - sqlalchemy.engine.Engine - INFO - SELECT pg_catalog.pg_class.relname 
FROM pg_catalog.pg_class JOIN pg_catalog.pg_namespace ON pg_catalog.pg_namespace.oid = pg_catalog.pg_class.relnamespace 
WHERE pg_catalog.pg_class.relname = %(table_name)s AND pg_catalog.pg_class.relkind = ANY (ARRAY[%(param_1)s, %(param_2)s, %(param_3)s, %(param_4)s, %(param_5)s]) AND pg_catalog.pg_table_is_visible(pg_catalog.pg_class.oid) AND pg_catalog.pg_namespace.nspname != %(nspname_1)s
2026-03-17 10:48:47,117 - sqlalchemy.engine.Engine - INFO - [cached since 0.009463s ago] {'table_name': 'audit_logs', 'param_1': 'r', 'param_2': 'p', 'param_3': 'f', 'param_4': 'v', 'param_5': 'm', 'nspname_1': 'pg_catalog'}
2026-03-17 10:48:47,118 - sqlalchemy.engine.Engine - INFO - SELECT pg_catalog.pg_class.relname 
FROM pg_catalog.pg_class JOIN pg_catalog.pg_namespace ON pg_catalog.pg_namespace.oid = pg_catalog.pg_class.relnamespace 
WHERE pg_catalog.pg_class.relname = %(table_name)s AND pg_catalog.pg_class.relkind = ANY (ARRAY[%(param_1)s, %(param_2)s, %(param_3)s, %(param_4)s, %(param_5)s]) AND pg_catalog.pg_table_is_visible(pg_catalog.pg_class.oid) AND pg_catalog.pg_namespace.nspname != %(nspname_1)s
2026-03-17 10:48:47,118 - sqlalchemy.engine.Engine - INFO - [cached since 0.01072s ago] {'table_name': 'companies', 'param_1': 'r', 'param_2': 'p', 'param_3': 'f', 'param_4': 'v', 'param_5': 'm', 'nspname_1': 'pg_catalog'}
2026-03-17 10:48:47,119 - sqlalchemy.engine.Engine - INFO - SELECT pg_catalog.pg_class.relname 
FROM pg_catalog.pg_class JOIN pg_catalog.pg_namespace ON pg_catalog.pg_namespace.oid = pg_catalog.pg_class.relnamespace 
WHERE pg_catalog.pg_class.relname = %(table_name)s AND pg_catalog.pg_class.relkind = ANY (ARRAY[%(param_1)s, %(param_2)s, %(param_3)s, %(param_4)s, %(param_5)s]) AND pg_catalog.pg_table_is_visible(pg_catalog.pg_class.oid) AND pg_catalog.pg_namespace.nspname != %(nspname_1)s
2026-03-17 10:48:47,119 - sqlalchemy.engine.Engine - INFO - [cached since 0.01155s ago] {'table_name': 'id_sequences', 'param_1': 'r', 'param_2': 'p', 'param_3': 'f', 'param_4': 'v', 'param_5': 'm', 'nspname_1': 'pg_catalog'}
2026-03-17 10:48:47,120 - sqlalchemy.engine.Engine - INFO - COMMIT
