2026-04-03 11:40:22,424 - app.main - INFO - 🚀 NexusFlow AI API starting up...
2026-04-03 11:40:22,520 - alembic.runtime.plugins - INFO - setup plugin alembic.autogenerate.schemas
2026-04-03 11:40:22,520 - alembic.runtime.plugins - INFO - setup plugin alembic.autogenerate.tables
2026-04-03 11:40:22,520 - alembic.runtime.plugins - INFO - setup plugin alembic.autogenerate.types
2026-04-03 11:40:22,520 - alembic.runtime.plugins - INFO - setup plugin alembic.autogenerate.constraints
2026-04-03 11:40:22,520 - alembic.runtime.plugins - INFO - setup plugin alembic.autogenerate.defaults
2026-04-03 11:40:22,521 - alembic.runtime.plugins - INFO - setup plugin alembic.autogenerate.comments
2026-04-03 11:40:22,623 - sqlalchemy.engine.Engine - INFO - select pg_catalog.version()
2026-04-03 11:40:22,624 - sqlalchemy.engine.Engine - INFO - [raw sql] {}
2026-04-03 11:40:22,625 - sqlalchemy.engine.Engine - INFO - select current_schema()
2026-04-03 11:40:22,625 - sqlalchemy.engine.Engine - INFO - [raw sql] {}
2026-04-03 11:40:22,625 - sqlalchemy.engine.Engine - INFO - show standard_conforming_strings
2026-04-03 11:40:22,625 - sqlalchemy.engine.Engine - INFO - [raw sql] {}
2026-04-03 11:40:22,626 - sqlalchemy.engine.Engine - INFO - BEGIN (implicit)
2026-04-03 11:40:22,629 - sqlalchemy.engine.Engine - INFO - SELECT pg_catalog.pg_class.relname 
FROM pg_catalog.pg_class JOIN pg_catalog.pg_namespace ON pg_catalog.pg_namespace.oid = pg_catalog.pg_class.relnamespace 
WHERE pg_catalog.pg_class.relname = %(table_name)s AND pg_catalog.pg_class.relkind = ANY (ARRAY[%(param_1)s, %(param_2)s, %(param_3)s, %(param_4)s, %(param_5)s]) AND pg_catalog.pg_table_is_visible(pg_catalog.pg_class.oid) AND pg_catalog.pg_namespace.nspname != %(nspname_1)s
2026-04-03 11:40:22,629 - sqlalchemy.engine.Engine - INFO - [generated in 0.00041s] {'table_name': 'users', 'param_1': 'r', 'param_2': 'p', 'param_3': 'f', 'param_4': 'v', 'param_5': 'm', 'nspname_1': 'pg_catalog'}
2026-04-03 11:40:22,631 - sqlalchemy.engine.Engine - INFO - SELECT pg_catalog.pg_class.relname 
FROM pg_catalog.pg_class JOIN pg_catalog.pg_namespace ON pg_catalog.pg_namespace.oid = pg_catalog.pg_class.relnamespace 
WHERE pg_catalog.pg_class.relname = %(table_name)s AND pg_catalog.pg_class.relkind = ANY (ARRAY[%(param_1)s, %(param_2)s, %(param_3)s, %(param_4)s, %(param_5)s]) AND pg_catalog.pg_table_is_visible(pg_catalog.pg_class.oid) AND pg_catalog.pg_namespace.nspname != %(nspname_1)s
2026-04-03 11:40:22,631 - sqlalchemy.engine.Engine - INFO - [cached since 0.002588s ago] {'table_name': 'tasks', 'param_1': 'r', 'param_2': 'p', 'param_3': 'f', 'param_4': 'v', 'param_5': 'm', 'nspname_1': 'pg_catalog'}
2026-04-03 11:40:22,632 - sqlalchemy.engine.Engine - INFO - SELECT pg_catalog.pg_class.relname 
FROM pg_catalog.pg_class JOIN pg_catalog.pg_namespace ON pg_catalog.pg_namespace.oid = pg_catalog.pg_class.relnamespace 
WHERE pg_catalog.pg_class.relname = %(table_name)s AND pg_catalog.pg_class.relkind = ANY (ARRAY[%(param_1)s, %(param_2)s, %(param_3)s, %(param_4)s, %(param_5)s]) AND pg_catalog.pg_table_is_visible(pg_catalog.pg_class.oid) AND pg_catalog.pg_namespace.nspname != %(nspname_1)s
2026-04-03 11:40:22,632 - sqlalchemy.engine.Engine - INFO - [cached since 0.003548s ago] {'table_name': 'task_comments', 'param_1': 'r', 'param_2': 'p', 'param_3': 'f', 'param_4': 'v', 'param_5': 'm', 'nspname_1': 'pg_catalog'}
2026-04-03 11:40:22,633 - sqlalchemy.engine.Engine - INFO - SELECT pg_catalog.pg_class.relname 
FROM pg_catalog.pg_class JOIN pg_catalog.pg_namespace ON pg_catalog.pg_namespace.oid = pg_catalog.pg_class.relnamespace 
WHERE pg_catalog.pg_class.relname = %(table_name)s AND pg_catalog.pg_class.relkind = ANY (ARRAY[%(param_1)s, %(param_2)s, %(param_3)s, %(param_4)s, %(param_5)s]) AND pg_catalog.pg_table_is_visible(pg_catalog.pg_class.oid) AND pg_catalog.pg_namespace.nspname != %(nspname_1)s
2026-04-03 11:40:22,633 - sqlalchemy.engine.Engine - INFO - [cached since 0.004284s ago] {'table_name': 'audit_logs', 'param_1': 'r', 'param_2': 'p', 'param_3': 'f', 'param_4': 'v', 'param_5': 'm', 'nspname_1': 'pg_catalog'}
2026-04-03 11:40:22,634 - sqlalchemy.engine.Engine - INFO - SELECT pg_catalog.pg_class.relname 
FROM pg_catalog.pg_class JOIN pg_catalog.pg_namespace ON pg_catalog.pg_namespace.oid = pg_catalog.pg_class.relnamespace 
WHERE pg_catalog.pg_class.relname = %(table_name)s AND pg_catalog.pg_class.relkind = ANY (ARRAY[%(param_1)s, %(param_2)s, %(param_3)s, %(param_4)s, %(param_5)s]) AND pg_catalog.pg_table_is_visible(pg_catalog.pg_class.oid) AND pg_catalog.pg_namespace.nspname != %(nspname_1)s
2026-04-03 11:40:22,634 - sqlalchemy.engine.Engine - INFO - [cached since 0.005466s ago] {'table_name': 'companies', 'param_1': 'r', 'param_2': 'p', 'param_3': 'f', 'param_4': 'v', 'param_5': 'm', 'nspname_1': 'pg_catalog'}
2026-04-03 11:40:22,635 - sqlalchemy.engine.Engine - INFO - SELECT pg_catalog.pg_class.relname 
FROM pg_catalog.pg_class JOIN pg_catalog.pg_namespace ON pg_catalog.pg_namespace.oid = pg_catalog.pg_class.relnamespace 
WHERE pg_catalog.pg_class.relname = %(table_name)s AND pg_catalog.pg_class.relkind = ANY (ARRAY[%(param_1)s, %(param_2)s, %(param_3)s, %(param_4)s, %(param_5)s]) AND pg_catalog.pg_table_is_visible(pg_catalog.pg_class.oid) AND pg_catalog.pg_namespace.nspname != %(nspname_1)s
2026-04-03 11:40:22,635 - sqlalchemy.engine.Engine - INFO - [cached since 0.006632s ago] {'table_name': 'id_sequences', 'param_1': 'r', 'param_2': 'p', 'param_3': 'f', 'param_4': 'v', 'param_5': 'm', 'nspname_1': 'pg_catalog'}
2026-04-03 11:40:22,637 - sqlalchemy.engine.Engine - INFO - COMMIT
2026-04-03 11:40:34,490 - app.main - INFO - 🚀 NexusFlow AI API starting up...
2026-04-03 11:40:34,555 - alembic.runtime.plugins - INFO - setup plugin alembic.autogenerate.schemas
2026-04-03 11:40:34,555 - alembic.runtime.plugins - INFO - setup plugin alembic.autogenerate.tables
2026-04-03 11:40:34,555 - alembic.runtime.plugins - INFO - setup plugin alembic.autogenerate.types
2026-04-03 11:40:34,555 - alembic.runtime.plugins - INFO - setup plugin alembic.autogenerate.constraints
2026-04-03 11:40:34,556 - alembic.runtime.plugins - INFO - setup plugin alembic.autogenerate.defaults
2026-04-03 11:40:34,556 - alembic.runtime.plugins - INFO - setup plugin alembic.autogenerate.comments
2026-04-03 11:40:34,644 - sqlalchemy.engine.Engine - INFO - select pg_catalog.version()
2026-04-03 11:40:34,644 - sqlalchemy.engine.Engine - INFO - [raw sql] {}
2026-04-03 11:40:34,645 - sqlalchemy.engine.Engine - INFO - select current_schema()
2026-04-03 11:40:34,645 - sqlalchemy.engine.Engine - INFO - [raw sql] {}
2026-04-03 11:40:34,646 - sqlalchemy.engine.Engine - INFO - show standard_conforming_strings
2026-04-03 11:40:34,646 - sqlalchemy.engine.Engine - INFO - [raw sql] {}
2026-04-03 11:40:34,647 - sqlalchemy.engine.Engine - INFO - BEGIN (implicit)
2026-04-03 11:40:34,649 - sqlalchemy.engine.Engine - INFO - SELECT pg_catalog.pg_class.relname 
FROM pg_catalog.pg_class JOIN pg_catalog.pg_namespace ON pg_catalog.pg_namespace.oid = pg_catalog.pg_class.relnamespace 
WHERE pg_catalog.pg_class.relname = %(table_name)s AND pg_catalog.pg_class.relkind = ANY (ARRAY[%(param_1)s, %(param_2)s, %(param_3)s, %(param_4)s, %(param_5)s]) AND pg_catalog.pg_table_is_visible(pg_catalog.pg_class.oid) AND pg_catalog.pg_namespace.nspname != %(nspname_1)s
2026-04-03 11:40:34,650 - sqlalchemy.engine.Engine - INFO - [generated in 0.00037s] {'table_name': 'users', 'param_1': 'r', 'param_2': 'p', 'param_3': 'f', 'param_4': 'v', 'param_5': 'm', 'nspname_1': 'pg_catalog'}
2026-04-03 11:40:34,651 - sqlalchemy.engine.Engine - INFO - SELECT pg_catalog.pg_class.relname 
FROM pg_catalog.pg_class JOIN pg_catalog.pg_namespace ON pg_catalog.pg_namespace.oid = pg_catalog.pg_class.relnamespace 
WHERE pg_catalog.pg_class.relname = %(table_name)s AND pg_catalog.pg_class.relkind = ANY (ARRAY[%(param_1)s, %(param_2)s, %(param_3)s, %(param_4)s, %(param_5)s]) AND pg_catalog.pg_table_is_visible(pg_catalog.pg_class.oid) AND pg_catalog.pg_namespace.nspname != %(nspname_1)s
2026-04-03 11:40:34,651 - sqlalchemy.engine.Engine - INFO - [cached since 0.002154s ago] {'table_name': 'tasks', 'param_1': 'r', 'param_2': 'p', 'param_3': 'f', 'param_4': 'v', 'param_5': 'm', 'nspname_1': 'pg_catalog'}
2026-04-03 11:40:34,652 - sqlalchemy.engine.Engine - INFO - SELECT pg_catalog.pg_class.relname 
FROM pg_catalog.pg_class JOIN pg_catalog.pg_namespace ON pg_catalog.pg_namespace.oid = pg_catalog.pg_class.relnamespace 
WHERE pg_catalog.pg_class.relname = %(table_name)s AND pg_catalog.pg_class.relkind = ANY (ARRAY[%(param_1)s, %(param_2)s, %(param_3)s, %(param_4)s, %(param_5)s]) AND pg_catalog.pg_table_is_visible(pg_catalog.pg_class.oid) AND pg_catalog.pg_namespace.nspname != %(nspname_1)s
2026-04-03 11:40:34,652 - sqlalchemy.engine.Engine - INFO - [cached since 0.003084s ago] {'table_name': 'task_comments', 'param_1': 'r', 'param_2': 'p', 'param_3': 'f', 'param_4': 'v', 'param_5': 'm', 'nspname_1': 'pg_catalog'}
2026-04-03 11:40:34,653 - sqlalchemy.engine.Engine - INFO - SELECT pg_catalog.pg_class.relname 
FROM pg_catalog.pg_class JOIN pg_catalog.pg_namespace ON pg_catalog.pg_namespace.oid = pg_catalog.pg_class.relnamespace 
WHERE pg_catalog.pg_class.relname = %(table_name)s AND pg_catalog.pg_class.relkind = ANY (ARRAY[%(param_1)s, %(param_2)s, %(param_3)s, %(param_4)s, %(param_5)s]) AND pg_catalog.pg_table_is_visible(pg_catalog.pg_class.oid) AND pg_catalog.pg_namespace.nspname != %(nspname_1)s
2026-04-03 11:40:34,653 - sqlalchemy.engine.Engine - INFO - [cached since 0.003936s ago] {'table_name': 'audit_logs', 'param_1': 'r', 'param_2': 'p', 'param_3': 'f', 'param_4': 'v', 'param_5': 'm', 'nspname_1': 'pg_catalog'}
2026-04-03 11:40:34,654 - sqlalchemy.engine.Engine - INFO - SELECT pg_catalog.pg_class.relname 
FROM pg_catalog.pg_class JOIN pg_catalog.pg_namespace ON pg_catalog.pg_namespace.oid = pg_catalog.pg_class.relnamespace 
WHERE pg_catalog.pg_class.relname = %(table_name)s AND pg_catalog.pg_class.relkind = ANY (ARRAY[%(param_1)s, %(param_2)s, %(param_3)s, %(param_4)s, %(param_5)s]) AND pg_catalog.pg_table_is_visible(pg_catalog.pg_class.oid) AND pg_catalog.pg_namespace.nspname != %(nspname_1)s
2026-04-03 11:40:34,654 - sqlalchemy.engine.Engine - INFO - [cached since 0.005058s ago] {'table_name': 'companies', 'param_1': 'r', 'param_2': 'p', 'param_3': 'f', 'param_4': 'v', 'param_5': 'm', 'nspname_1': 'pg_catalog'}
2026-04-03 11:40:34,655 - sqlalchemy.engine.Engine - INFO - SELECT pg_catalog.pg_class.relname 
FROM pg_catalog.pg_class JOIN pg_catalog.pg_namespace ON pg_catalog.pg_namespace.oid = pg_catalog.pg_class.relnamespace 
WHERE pg_catalog.pg_class.relname = %(table_name)s AND pg_catalog.pg_class.relkind = ANY (ARRAY[%(param_1)s, %(param_2)s, %(param_3)s, %(param_4)s, %(param_5)s]) AND pg_catalog.pg_table_is_visible(pg_catalog.pg_class.oid) AND pg_catalog.pg_namespace.nspname != %(nspname_1)s
2026-04-03 11:40:34,656 - sqlalchemy.engine.Engine - INFO - [cached since 0.006233s ago] {'table_name': 'id_sequences', 'param_1': 'r', 'param_2': 'p', 'param_3': 'f', 'param_4': 'v', 'param_5': 'm', 'nspname_1': 'pg_catalog'}
2026-04-03 11:40:34,656 - sqlalchemy.engine.Engine - INFO - COMMIT
2026-04-03 11:40:57,201 - app.main - INFO - 🚀 NexusFlow AI API starting up...
2026-04-03 11:40:57,264 - alembic.runtime.plugins - INFO - setup plugin alembic.autogenerate.schemas
2026-04-03 11:40:57,264 - alembic.runtime.plugins - INFO - setup plugin alembic.autogenerate.tables
2026-04-03 11:40:57,264 - alembic.runtime.plugins - INFO - setup plugin alembic.autogenerate.types
2026-04-03 11:40:57,264 - alembic.runtime.plugins - INFO - setup plugin alembic.autogenerate.constraints
2026-04-03 11:40:57,264 - alembic.runtime.plugins - INFO - setup plugin alembic.autogenerate.defaults
2026-04-03 11:40:57,264 - alembic.runtime.plugins - INFO - setup plugin alembic.autogenerate.comments
2026-04-03 11:40:57,456 - sqlalchemy.engine.Engine - INFO - select pg_catalog.version()
2026-04-03 11:40:57,457 - sqlalchemy.engine.Engine - INFO - [raw sql] {}
2026-04-03 11:40:57,458 - sqlalchemy.engine.Engine - INFO - select current_schema()
2026-04-03 11:40:57,458 - sqlalchemy.engine.Engine - INFO - [raw sql] {}
2026-04-03 11:40:57,459 - sqlalchemy.engine.Engine - INFO - show standard_conforming_strings
2026-04-03 11:40:57,459 - sqlalchemy.engine.Engine - INFO - [raw sql] {}
2026-04-03 11:40:57,460 - sqlalchemy.engine.Engine - INFO - BEGIN (implicit)
2026-04-03 11:40:57,463 - sqlalchemy.engine.Engine - INFO - SELECT pg_catalog.pg_class.relname 
FROM pg_catalog.pg_class JOIN pg_catalog.pg_namespace ON pg_catalog.pg_namespace.oid = pg_catalog.pg_class.relnamespace 
WHERE pg_catalog.pg_class.relname = %(table_name)s AND pg_catalog.pg_class.relkind = ANY (ARRAY[%(param_1)s, %(param_2)s, %(param_3)s, %(param_4)s, %(param_5)s]) AND pg_catalog.pg_table_is_visible(pg_catalog.pg_class.oid) AND pg_catalog.pg_namespace.nspname != %(nspname_1)s
2026-04-03 11:40:57,463 - sqlalchemy.engine.Engine - INFO - [generated in 0.00043s] {'table_name': 'users', 'param_1': 'r', 'param_2': 'p', 'param_3': 'f', 'param_4': 'v', 'param_5': 'm', 'nspname_1': 'pg_catalog'}
2026-04-03 11:40:57,465 - sqlalchemy.engine.Engine - INFO - SELECT pg_catalog.pg_class.relname 
FROM pg_catalog.pg_class JOIN pg_catalog.pg_namespace ON pg_catalog.pg_namespace.oid = pg_catalog.pg_class.relnamespace 
WHERE pg_catalog.pg_class.relname = %(table_name)s AND pg_catalog.pg_class.relkind = ANY (ARRAY[%(param_1)s, %(param_2)s, %(param_3)s, %(param_4)s, %(param_5)s]) AND pg_catalog.pg_table_is_visible(pg_catalog.pg_class.oid) AND pg_catalog.pg_namespace.nspname != %(nspname_1)s
2026-04-03 11:40:57,466 - sqlalchemy.engine.Engine - INFO - [cached since 0.002995s ago] {'table_name': 'tasks', 'param_1': 'r', 'param_2': 'p', 'param_3': 'f', 'param_4': 'v', 'param_5': 'm', 'nspname_1': 'pg_catalog'}
2026-04-03 11:40:57,467 - sqlalchemy.engine.Engine - INFO - SELECT pg_catalog.pg_class.relname 
FROM pg_catalog.pg_class JOIN pg_catalog.pg_namespace ON pg_catalog.pg_namespace.oid = pg_catalog.pg_class.relnamespace 
WHERE pg_catalog.pg_class.relname = %(table_name)s AND pg_catalog.pg_class.relkind = ANY (ARRAY[%(param_1)s, %(param_2)s, %(param_3)s, %(param_4)s, %(param_5)s]) AND pg_catalog.pg_table_is_visible(pg_catalog.pg_class.oid) AND pg_catalog.pg_namespace.nspname != %(nspname_1)s
2026-04-03 11:40:57,467 - sqlalchemy.engine.Engine - INFO - [cached since 0.004242s ago] {'table_name': 'task_comments', 'param_1': 'r', 'param_2': 'p', 'param_3': 'f', 'param_4': 'v', 'param_5': 'm', 'nspname_1': 'pg_catalog'}
2026-04-03 11:40:57,468 - sqlalchemy.engine.Engine - INFO - SELECT pg_catalog.pg_class.relname 
FROM pg_catalog.pg_class JOIN pg_catalog.pg_namespace ON pg_catalog.pg_namespace.oid = pg_catalog.pg_class.relnamespace 
WHERE pg_catalog.pg_class.relname = %(table_name)s AND pg_catalog.pg_class.relkind = ANY (ARRAY[%(param_1)s, %(param_2)s, %(param_3)s, %(param_4)s, %(param_5)s]) AND pg_catalog.pg_table_is_visible(pg_catalog.pg_class.oid) AND pg_catalog.pg_namespace.nspname != %(nspname_1)s
2026-04-03 11:40:57,468 - sqlalchemy.engine.Engine - INFO - [cached since 0.00536s ago] {'table_name': 'audit_logs', 'param_1': 'r', 'param_2': 'p', 'param_3': 'f', 'param_4': 'v', 'param_5': 'm', 'nspname_1': 'pg_catalog'}
2026-04-03 11:40:57,469 - sqlalchemy.engine.Engine - INFO - SELECT pg_catalog.pg_class.relname 
FROM pg_catalog.pg_class JOIN pg_catalog.pg_namespace ON pg_catalog.pg_namespace.oid = pg_catalog.pg_class.relnamespace 
WHERE pg_catalog.pg_class.relname = %(table_name)s AND pg_catalog.pg_class.relkind = ANY (ARRAY[%(param_1)s, %(param_2)s, %(param_3)s, %(param_4)s, %(param_5)s]) AND pg_catalog.pg_table_is_visible(pg_catalog.pg_class.oid) AND pg_catalog.pg_namespace.nspname != %(nspname_1)s
2026-04-03 11:40:57,469 - sqlalchemy.engine.Engine - INFO - [cached since 0.006481s ago] {'table_name': 'companies', 'param_1': 'r', 'param_2': 'p', 'param_3': 'f', 'param_4': 'v', 'param_5': 'm', 'nspname_1': 'pg_catalog'}
2026-04-03 11:40:57,470 - sqlalchemy.engine.Engine - INFO - SELECT pg_catalog.pg_class.relname 
FROM pg_catalog.pg_class JOIN pg_catalog.pg_namespace ON pg_catalog.pg_namespace.oid = pg_catalog.pg_class.relnamespace 
WHERE pg_catalog.pg_class.relname = %(table_name)s AND pg_catalog.pg_class.relkind = ANY (ARRAY[%(param_1)s, %(param_2)s, %(param_3)s, %(param_4)s, %(param_5)s]) AND pg_catalog.pg_table_is_visible(pg_catalog.pg_class.oid) AND pg_catalog.pg_namespace.nspname != %(nspname_1)s
2026-04-03 11:40:57,470 - sqlalchemy.engine.Engine - INFO - [cached since 0.007441s ago] {'table_name': 'id_sequences', 'param_1': 'r', 'param_2': 'p', 'param_3': 'f', 'param_4': 'v', 'param_5': 'm', 'nspname_1': 'pg_catalog'}
2026-04-03 11:40:57,471 - sqlalchemy.engine.Engine - INFO - COMMIT
2026-04-03 11:41:15,914 - app.main - INFO - 🚀 NexusFlow AI API starting up...
2026-04-03 11:41:15,973 - alembic.runtime.plugins - INFO - setup plugin alembic.autogenerate.schemas
2026-04-03 11:41:15,974 - alembic.runtime.plugins - INFO - setup plugin alembic.autogenerate.tables
2026-04-03 11:41:15,974 - alembic.runtime.plugins - INFO - setup plugin alembic.autogenerate.types
2026-04-03 11:41:15,974 - alembic.runtime.plugins - INFO - setup plugin alembic.autogenerate.constraints
2026-04-03 11:41:15,974 - alembic.runtime.plugins - INFO - setup plugin alembic.autogenerate.defaults
2026-04-03 11:41:15,975 - alembic.runtime.plugins - INFO - setup plugin alembic.autogenerate.comments
2026-04-03 11:41:16,171 - sqlalchemy.engine.Engine - INFO - select pg_catalog.version()
2026-04-03 11:41:16,171 - sqlalchemy.engine.Engine - INFO - [raw sql] {}
2026-04-03 11:41:16,172 - sqlalchemy.engine.Engine - INFO - select current_schema()
2026-04-03 11:41:16,173 - sqlalchemy.engine.Engine - INFO - [raw sql] {}
2026-04-03 11:41:16,173 - sqlalchemy.engine.Engine - INFO - show standard_conforming_strings
2026-04-03 11:41:16,173 - sqlalchemy.engine.Engine - INFO - [raw sql] {}
2026-04-03 11:41:16,174 - sqlalchemy.engine.Engine - INFO - BEGIN (implicit)
2026-04-03 11:41:16,177 - sqlalchemy.engine.Engine - INFO - SELECT pg_catalog.pg_class.relname 
FROM pg_catalog.pg_class JOIN pg_catalog.pg_namespace ON pg_catalog.pg_namespace.oid = pg_catalog.pg_class.relnamespace 
WHERE pg_catalog.pg_class.relname = %(table_name)s AND pg_catalog.pg_class.relkind = ANY (ARRAY[%(param_1)s, %(param_2)s, %(param_3)s, %(param_4)s, %(param_5)s]) AND pg_catalog.pg_table_is_visible(pg_catalog.pg_class.oid) AND pg_catalog.pg_namespace.nspname != %(nspname_1)s
2026-04-03 11:41:16,177 - sqlalchemy.engine.Engine - INFO - [generated in 0.00038s] {'table_name': 'users', 'param_1': 'r', 'param_2': 'p', 'param_3': 'f', 'param_4': 'v', 'param_5': 'm', 'nspname_1': 'pg_catalog'}
2026-04-03 11:41:16,178 - sqlalchemy.engine.Engine - INFO - SELECT pg_catalog.pg_class.relname 
FROM pg_catalog.pg_class JOIN pg_catalog.pg_namespace ON pg_catalog.pg_namespace.oid = pg_catalog.pg_class.relnamespace 
WHERE pg_catalog.pg_class.relname = %(table_name)s AND pg_catalog.pg_class.relkind = ANY (ARRAY[%(param_1)s, %(param_2)s, %(param_3)s, %(param_4)s, %(param_5)s]) AND pg_catalog.pg_table_is_visible(pg_catalog.pg_class.oid) AND pg_catalog.pg_namespace.nspname != %(nspname_1)s
2026-04-03 11:41:16,179 - sqlalchemy.engine.Engine - INFO - [cached since 0.001995s ago] {'table_name': 'tasks', 'param_1': 'r', 'param_2': 'p', 'param_3': 'f', 'param_4': 'v', 'param_5': 'm', 'nspname_1': 'pg_catalog'}
2026-04-03 11:41:16,179 - sqlalchemy.engine.Engine - INFO - SELECT pg_catalog.pg_class.relname 
FROM pg_catalog.pg_class JOIN pg_catalog.pg_namespace ON pg_catalog.pg_namespace.oid = pg_catalog.pg_class.relnamespace 
WHERE pg_catalog.pg_class.relname = %(table_name)s AND pg_catalog.pg_class.relkind = ANY (ARRAY[%(param_1)s, %(param_2)s, %(param_3)s, %(param_4)s, %(param_5)s]) AND pg_catalog.pg_table_is_visible(pg_catalog.pg_class.oid) AND pg_catalog.pg_namespace.nspname != %(nspname_1)s
2026-04-03 11:41:16,179 - sqlalchemy.engine.Engine - INFO - [cached since 0.002959s ago] {'table_name': 'task_comments', 'param_1': 'r', 'param_2': 'p', 'param_3': 'f', 'param_4': 'v', 'param_5': 'm', 'nspname_1': 'pg_catalog'}
2026-04-03 11:41:16,180 - sqlalchemy.engine.Engine - INFO - SELECT pg_catalog.pg_class.relname 
FROM pg_catalog.pg_class JOIN pg_catalog.pg_namespace ON pg_catalog.pg_namespace.oid = pg_catalog.pg_class.relnamespace 
WHERE pg_catalog.pg_class.relname = %(table_name)s AND pg_catalog.pg_class.relkind = ANY (ARRAY[%(param_1)s, %(param_2)s, %(param_3)s, %(param_4)s, %(param_5)s]) AND pg_catalog.pg_table_is_visible(pg_catalog.pg_class.oid) AND pg_catalog.pg_namespace.nspname != %(nspname_1)s
2026-04-03 11:41:16,180 - sqlalchemy.engine.Engine - INFO - [cached since 0.003855s ago] {'table_name': 'audit_logs', 'param_1': 'r', 'param_2': 'p', 'param_3': 'f', 'param_4': 'v', 'param_5': 'm', 'nspname_1': 'pg_catalog'}
2026-04-03 11:41:16,181 - sqlalchemy.engine.Engine - INFO - SELECT pg_catalog.pg_class.relname 
FROM pg_catalog.pg_class JOIN pg_catalog.pg_namespace ON pg_catalog.pg_namespace.oid = pg_catalog.pg_class.relnamespace 
WHERE pg_catalog.pg_class.relname = %(table_name)s AND pg_catalog.pg_class.relkind = ANY (ARRAY[%(param_1)s, %(param_2)s, %(param_3)s, %(param_4)s, %(param_5)s]) AND pg_catalog.pg_table_is_visible(pg_catalog.pg_class.oid) AND pg_catalog.pg_namespace.nspname != %(nspname_1)s
2026-04-03 11:41:16,181 - sqlalchemy.engine.Engine - INFO - [cached since 0.004932s ago] {'table_name': 'companies', 'param_1': 'r', 'param_2': 'p', 'param_3': 'f', 'param_4': 'v', 'param_5': 'm', 'nspname_1': 'pg_catalog'}
2026-04-03 11:41:16,182 - sqlalchemy.engine.Engine - INFO - SELECT pg_catalog.pg_class.relname 
FROM pg_catalog.pg_class JOIN pg_catalog.pg_namespace ON pg_catalog.pg_namespace.oid = pg_catalog.pg_class.relnamespace 
WHERE pg_catalog.pg_class.relname = %(table_name)s AND pg_catalog.pg_class.relkind = ANY (ARRAY[%(param_1)s, %(param_2)s, %(param_3)s, %(param_4)s, %(param_5)s]) AND pg_catalog.pg_table_is_visible(pg_catalog.pg_class.oid) AND pg_catalog.pg_namespace.nspname != %(nspname_1)s
2026-04-03 11:41:16,183 - sqlalchemy.engine.Engine - INFO - [cached since 0.006223s ago] {'table_name': 'id_sequences', 'param_1': 'r', 'param_2': 'p', 'param_3': 'f', 'param_4': 'v', 'param_5': 'm', 'nspname_1': 'pg_catalog'}
2026-04-03 11:41:16,183 - sqlalchemy.engine.Engine - INFO - COMMIT
2026-04-03 11:48:37,759 - app.main - INFO - 🚀 NexusFlow AI API starting up...
2026-04-03 11:48:37,828 - alembic.runtime.plugins - INFO - setup plugin alembic.autogenerate.schemas
2026-04-03 11:48:37,828 - alembic.runtime.plugins - INFO - setup plugin alembic.autogenerate.tables
2026-04-03 11:48:37,828 - alembic.runtime.plugins - INFO - setup plugin alembic.autogenerate.types
2026-04-03 11:48:37,828 - alembic.runtime.plugins - INFO - setup plugin alembic.autogenerate.constraints
2026-04-03 11:48:37,828 - alembic.runtime.plugins - INFO - setup plugin alembic.autogenerate.defaults
2026-04-03 11:48:37,829 - alembic.runtime.plugins - INFO - setup plugin alembic.autogenerate.comments
2026-04-03 11:48:37,927 - sqlalchemy.engine.Engine - INFO - select pg_catalog.version()
2026-04-03 11:48:37,927 - sqlalchemy.engine.Engine - INFO - [raw sql] {}
2026-04-03 11:48:37,928 - sqlalchemy.engine.Engine - INFO - select current_schema()
2026-04-03 11:48:37,929 - sqlalchemy.engine.Engine - INFO - [raw sql] {}
2026-04-03 11:48:37,929 - sqlalchemy.engine.Engine - INFO - show standard_conforming_strings
2026-04-03 11:48:37,929 - sqlalchemy.engine.Engine - INFO - [raw sql] {}
2026-04-03 11:48:37,930 - sqlalchemy.engine.Engine - INFO - BEGIN (implicit)
2026-04-03 11:48:37,933 - sqlalchemy.engine.Engine - INFO - SELECT pg_catalog.pg_class.relname 
FROM pg_catalog.pg_class JOIN pg_catalog.pg_namespace ON pg_catalog.pg_namespace.oid = pg_catalog.pg_class.relnamespace 
WHERE pg_catalog.pg_class.relname = %(table_name)s AND pg_catalog.pg_class.relkind = ANY (ARRAY[%(param_1)s, %(param_2)s, %(param_3)s, %(param_4)s, %(param_5)s]) AND pg_catalog.pg_table_is_visible(pg_catalog.pg_class.oid) AND pg_catalog.pg_namespace.nspname != %(nspname_1)s
2026-04-03 11:48:37,933 - sqlalchemy.engine.Engine - INFO - [generated in 0.00036s] {'table_name': 'users', 'param_1': 'r', 'param_2': 'p', 'param_3': 'f', 'param_4': 'v', 'param_5': 'm', 'nspname_1': 'pg_catalog'}
2026-04-03 11:48:37,935 - sqlalchemy.engine.Engine - INFO - SELECT pg_catalog.pg_class.relname 
FROM pg_catalog.pg_class JOIN pg_catalog.pg_namespace ON pg_catalog.pg_namespace.oid = pg_catalog.pg_class.relnamespace 
WHERE pg_catalog.pg_class.relname = %(table_name)s AND pg_catalog.pg_class.relkind = ANY (ARRAY[%(param_1)s, %(param_2)s, %(param_3)s, %(param_4)s, %(param_5)s]) AND pg_catalog.pg_table_is_visible(pg_catalog.pg_class.oid) AND pg_catalog.pg_namespace.nspname != %(nspname_1)s
2026-04-03 11:48:37,935 - sqlalchemy.engine.Engine - INFO - [cached since 0.002151s ago] {'table_name': 'tasks', 'param_1': 'r', 'param_2': 'p', 'param_3': 'f', 'param_4': 'v', 'param_5': 'm', 'nspname_1': 'pg_catalog'}
2026-04-03 11:48:37,936 - sqlalchemy.engine.Engine - INFO - SELECT pg_catalog.pg_class.relname 
FROM pg_catalog.pg_class JOIN pg_catalog.pg_namespace ON pg_catalog.pg_namespace.oid = pg_catalog.pg_class.relnamespace 
WHERE pg_catalog.pg_class.relname = %(table_name)s AND pg_catalog.pg_class.relkind = ANY (ARRAY[%(param_1)s, %(param_2)s, %(param_3)s, %(param_4)s, %(param_5)s]) AND pg_catalog.pg_table_is_visible(pg_catalog.pg_class.oid) AND pg_catalog.pg_namespace.nspname != %(nspname_1)s
2026-04-03 11:48:37,936 - sqlalchemy.engine.Engine - INFO - [cached since 0.002992s ago] {'table_name': 'task_comments', 'param_1': 'r', 'param_2': 'p', 'param_3': 'f', 'param_4': 'v', 'param_5': 'm', 'nspname_1': 'pg_catalog'}
2026-04-03 11:48:37,936 - sqlalchemy.engine.Engine - INFO - SELECT pg_catalog.pg_class.relname 
FROM pg_catalog.pg_class JOIN pg_catalog.pg_namespace ON pg_catalog.pg_namespace.oid = pg_catalog.pg_class.relnamespace 
WHERE pg_catalog.pg_class.relname = %(table_name)s AND pg_catalog.pg_class.relkind = ANY (ARRAY[%(param_1)s, %(param_2)s, %(param_3)s, %(param_4)s, %(param_5)s]) AND pg_catalog.pg_table_is_visible(pg_catalog.pg_class.oid) AND pg_catalog.pg_namespace.nspname != %(nspname_1)s
2026-04-03 11:48:37,937 - sqlalchemy.engine.Engine - INFO - [cached since 0.003736s ago] {'table_name': 'audit_logs', 'param_1': 'r', 'param_2': 'p', 'param_3': 'f', 'param_4': 'v', 'param_5': 'm', 'nspname_1': 'pg_catalog'}
2026-04-03 11:48:37,937 - sqlalchemy.engine.Engine - INFO - SELECT pg_catalog.pg_class.relname 
FROM pg_catalog.pg_class JOIN pg_catalog.pg_namespace ON pg_catalog.pg_namespace.oid = pg_catalog.pg_class.relnamespace 
WHERE pg_catalog.pg_class.relname = %(table_name)s AND pg_catalog.pg_class.relkind = ANY (ARRAY[%(param_1)s, %(param_2)s, %(param_3)s, %(param_4)s, %(param_5)s]) AND pg_catalog.pg_table_is_visible(pg_catalog.pg_class.oid) AND pg_catalog.pg_namespace.nspname != %(nspname_1)s
2026-04-03 11:48:37,937 - sqlalchemy.engine.Engine - INFO - [cached since 0.004508s ago] {'table_name': 'companies', 'param_1': 'r', 'param_2': 'p', 'param_3': 'f', 'param_4': 'v', 'param_5': 'm', 'nspname_1': 'pg_catalog'}
2026-04-03 11:48:37,938 - sqlalchemy.engine.Engine - INFO - SELECT pg_catalog.pg_class.relname 
FROM pg_catalog.pg_class JOIN pg_catalog.pg_namespace ON pg_catalog.pg_namespace.oid = pg_catalog.pg_class.relnamespace 
WHERE pg_catalog.pg_class.relname = %(table_name)s AND pg_catalog.pg_class.relkind = ANY (ARRAY[%(param_1)s, %(param_2)s, %(param_3)s, %(param_4)s, %(param_5)s]) AND pg_catalog.pg_table_is_visible(pg_catalog.pg_class.oid) AND pg_catalog.pg_namespace.nspname != %(nspname_1)s
2026-04-03 11:48:37,938 - sqlalchemy.engine.Engine - INFO - [cached since 0.00517s ago] {'table_name': 'id_sequences', 'param_1': 'r', 'param_2': 'p', 'param_3': 'f', 'param_4': 'v', 'param_5': 'm', 'nspname_1': 'pg_catalog'}
2026-04-03 11:48:37,939 - sqlalchemy.engine.Engine - INFO - COMMIT
2026-04-03 11:52:21,357 - app.main - INFO - 🚀 NexusFlow AI API starting up...
2026-04-03 11:52:21,421 - alembic.runtime.plugins - INFO - setup plugin alembic.autogenerate.schemas
2026-04-03 11:52:21,422 - alembic.runtime.plugins - INFO - setup plugin alembic.autogenerate.tables
2026-04-03 11:52:21,422 - alembic.runtime.plugins - INFO - setup plugin alembic.autogenerate.types
2026-04-03 11:52:21,422 - alembic.runtime.plugins - INFO - setup plugin alembic.autogenerate.constraints
2026-04-03 11:52:21,422 - alembic.runtime.plugins - INFO - setup plugin alembic.autogenerate.defaults
2026-04-03 11:52:21,423 - alembic.runtime.plugins - INFO - setup plugin alembic.autogenerate.comments
2026-04-03 11:52:21,522 - sqlalchemy.engine.Engine - INFO - select pg_catalog.version()
2026-04-03 11:52:21,523 - sqlalchemy.engine.Engine - INFO - [raw sql] {}
2026-04-03 11:52:21,524 - sqlalchemy.engine.Engine - INFO - select current_schema()
2026-04-03 11:52:21,525 - sqlalchemy.engine.Engine - INFO - [raw sql] {}
2026-04-03 11:52:21,525 - sqlalchemy.engine.Engine - INFO - show standard_conforming_strings
2026-04-03 11:52:21,526 - sqlalchemy.engine.Engine - INFO - [raw sql] {}
2026-04-03 11:52:21,526 - sqlalchemy.engine.Engine - INFO - BEGIN (implicit)
2026-04-03 11:52:21,529 - sqlalchemy.engine.Engine - INFO - SELECT pg_catalog.pg_class.relname 
FROM pg_catalog.pg_class JOIN pg_catalog.pg_namespace ON pg_catalog.pg_namespace.oid = pg_catalog.pg_class.relnamespace 
WHERE pg_catalog.pg_class.relname = %(table_name)s AND pg_catalog.pg_class.relkind = ANY (ARRAY[%(param_1)s, %(param_2)s, %(param_3)s, %(param_4)s, %(param_5)s]) AND pg_catalog.pg_table_is_visible(pg_catalog.pg_class.oid) AND pg_catalog.pg_namespace.nspname != %(nspname_1)s
2026-04-03 11:52:21,529 - sqlalchemy.engine.Engine - INFO - [generated in 0.00057s] {'table_name': 'users', 'param_1': 'r', 'param_2': 'p', 'param_3': 'f', 'param_4': 'v', 'param_5': 'm', 'nspname_1': 'pg_catalog'}
2026-04-03 11:52:21,531 - sqlalchemy.engine.Engine - INFO - SELECT pg_catalog.pg_class.relname 
FROM pg_catalog.pg_class JOIN pg_catalog.pg_namespace ON pg_catalog.pg_namespace.oid = pg_catalog.pg_class.relnamespace 
WHERE pg_catalog.pg_class.relname = %(table_name)s AND pg_catalog.pg_class.relkind = ANY (ARRAY[%(param_1)s, %(param_2)s, %(param_3)s, %(param_4)s, %(param_5)s]) AND pg_catalog.pg_table_is_visible(pg_catalog.pg_class.oid) AND pg_catalog.pg_namespace.nspname != %(nspname_1)s
2026-04-03 11:52:21,531 - sqlalchemy.engine.Engine - INFO - [cached since 0.002646s ago] {'table_name': 'tasks', 'param_1': 'r', 'param_2': 'p', 'param_3': 'f', 'param_4': 'v', 'param_5': 'm', 'nspname_1': 'pg_catalog'}
2026-04-03 11:52:21,532 - sqlalchemy.engine.Engine - INFO - SELECT pg_catalog.pg_class.relname 
FROM pg_catalog.pg_class JOIN pg_catalog.pg_namespace ON pg_catalog.pg_namespace.oid = pg_catalog.pg_class.relnamespace 
WHERE pg_catalog.pg_class.relname = %(table_name)s AND pg_catalog.pg_class.relkind = ANY (ARRAY[%(param_1)s, %(param_2)s, %(param_3)s, %(param_4)s, %(param_5)s]) AND pg_catalog.pg_table_is_visible(pg_catalog.pg_class.oid) AND pg_catalog.pg_namespace.nspname != %(nspname_1)s
2026-04-03 11:52:21,533 - sqlalchemy.engine.Engine - INFO - [cached since 0.003845s ago] {'table_name': 'task_comments', 'param_1': 'r', 'param_2': 'p', 'param_3': 'f', 'param_4': 'v', 'param_5': 'm', 'nspname_1': 'pg_catalog'}
2026-04-03 11:52:21,533 - sqlalchemy.engine.Engine - INFO - SELECT pg_catalog.pg_class.relname 
FROM pg_catalog.pg_class JOIN pg_catalog.pg_namespace ON pg_catalog.pg_namespace.oid = pg_catalog.pg_class.relnamespace 
WHERE pg_catalog.pg_class.relname = %(table_name)s AND pg_catalog.pg_class.relkind = ANY (ARRAY[%(param_1)s, %(param_2)s, %(param_3)s, %(param_4)s, %(param_5)s]) AND pg_catalog.pg_table_is_visible(pg_catalog.pg_class.oid) AND pg_catalog.pg_namespace.nspname != %(nspname_1)s
2026-04-03 11:52:21,534 - sqlalchemy.engine.Engine - INFO - [cached since 0.004947s ago] {'table_name': 'audit_logs', 'param_1': 'r', 'param_2': 'p', 'param_3': 'f', 'param_4': 'v', 'param_5': 'm', 'nspname_1': 'pg_catalog'}
2026-04-03 11:52:21,535 - sqlalchemy.engine.Engine - INFO - SELECT pg_catalog.pg_class.relname 
FROM pg_catalog.pg_class JOIN pg_catalog.pg_namespace ON pg_catalog.pg_namespace.oid = pg_catalog.pg_class.relnamespace 
WHERE pg_catalog.pg_class.relname = %(table_name)s AND pg_catalog.pg_class.relkind = ANY (ARRAY[%(param_1)s, %(param_2)s, %(param_3)s, %(param_4)s, %(param_5)s]) AND pg_catalog.pg_table_is_visible(pg_catalog.pg_class.oid) AND pg_catalog.pg_namespace.nspname != %(nspname_1)s
2026-04-03 11:52:21,535 - sqlalchemy.engine.Engine - INFO - [cached since 0.006263s ago] {'table_name': 'companies', 'param_1': 'r', 'param_2': 'p', 'param_3': 'f', 'param_4': 'v', 'param_5': 'm', 'nspname_1': 'pg_catalog'}
2026-04-03 11:52:21,536 - sqlalchemy.engine.Engine - INFO - SELECT pg_catalog.pg_class.relname 
FROM pg_catalog.pg_class JOIN pg_catalog.pg_namespace ON pg_catalog.pg_namespace.oid = pg_catalog.pg_class.relnamespace 
WHERE pg_catalog.pg_class.relname = %(table_name)s AND pg_catalog.pg_class.relkind = ANY (ARRAY[%(param_1)s, %(param_2)s, %(param_3)s, %(param_4)s, %(param_5)s]) AND pg_catalog.pg_table_is_visible(pg_catalog.pg_class.oid) AND pg_catalog.pg_namespace.nspname != %(nspname_1)s
2026-04-03 11:52:21,536 - sqlalchemy.engine.Engine - INFO - [cached since 0.007524s ago] {'table_name': 'id_sequences', 'param_1': 'r', 'param_2': 'p', 'param_3': 'f', 'param_4': 'v', 'param_5': 'm', 'nspname_1': 'pg_catalog'}
2026-04-03 11:52:21,537 - sqlalchemy.engine.Engine - INFO - COMMIT
2026-04-03 11:52:31,781 - app.main - INFO - 🚀 NexusFlow AI API starting up...
2026-04-03 11:52:31,845 - alembic.runtime.plugins - INFO - setup plugin alembic.autogenerate.schemas
2026-04-03 11:52:31,845 - alembic.runtime.plugins - INFO - setup plugin alembic.autogenerate.tables
2026-04-03 11:52:31,845 - alembic.runtime.plugins - INFO - setup plugin alembic.autogenerate.types
2026-04-03 11:52:31,845 - alembic.runtime.plugins - INFO - setup plugin alembic.autogenerate.constraints
2026-04-03 11:52:31,845 - alembic.runtime.plugins - INFO - setup plugin alembic.autogenerate.defaults
2026-04-03 11:52:31,846 - alembic.runtime.plugins - INFO - setup plugin alembic.autogenerate.comments
2026-04-03 11:52:31,941 - sqlalchemy.engine.Engine - INFO - select pg_catalog.version()
2026-04-03 11:52:31,941 - sqlalchemy.engine.Engine - INFO - [raw sql] {}
2026-04-03 11:52:31,942 - sqlalchemy.engine.Engine - INFO - select current_schema()
2026-04-03 11:52:31,942 - sqlalchemy.engine.Engine - INFO - [raw sql] {}
2026-04-03 11:52:31,943 - sqlalchemy.engine.Engine - INFO - show standard_conforming_strings
2026-04-03 11:52:31,944 - sqlalchemy.engine.Engine - INFO - [raw sql] {}
2026-04-03 11:52:31,945 - sqlalchemy.engine.Engine - INFO - BEGIN (implicit)
2026-04-03 11:52:31,947 - sqlalchemy.engine.Engine - INFO - SELECT pg_catalog.pg_class.relname 
FROM pg_catalog.pg_class JOIN pg_catalog.pg_namespace ON pg_catalog.pg_namespace.oid = pg_catalog.pg_class.relnamespace 
WHERE pg_catalog.pg_class.relname = %(table_name)s AND pg_catalog.pg_class.relkind = ANY (ARRAY[%(param_1)s, %(param_2)s, %(param_3)s, %(param_4)s, %(param_5)s]) AND pg_catalog.pg_table_is_visible(pg_catalog.pg_class.oid) AND pg_catalog.pg_namespace.nspname != %(nspname_1)s
2026-04-03 11:52:31,947 - sqlalchemy.engine.Engine - INFO - [generated in 0.00037s] {'table_name': 'users', 'param_1': 'r', 'param_2': 'p', 'param_3': 'f', 'param_4': 'v', 'param_5': 'm', 'nspname_1': 'pg_catalog'}
2026-04-03 11:52:31,949 - sqlalchemy.engine.Engine - INFO - SELECT pg_catalog.pg_class.relname 
FROM pg_catalog.pg_class JOIN pg_catalog.pg_namespace ON pg_catalog.pg_namespace.oid = pg_catalog.pg_class.relnamespace 
WHERE pg_catalog.pg_class.relname = %(table_name)s AND pg_catalog.pg_class.relkind = ANY (ARRAY[%(param_1)s, %(param_2)s, %(param_3)s, %(param_4)s, %(param_5)s]) AND pg_catalog.pg_table_is_visible(pg_catalog.pg_class.oid) AND pg_catalog.pg_namespace.nspname != %(nspname_1)s
2026-04-03 11:52:31,949 - sqlalchemy.engine.Engine - INFO - [cached since 0.002245s ago] {'table_name': 'tasks', 'param_1': 'r', 'param_2': 'p', 'param_3': 'f', 'param_4': 'v', 'param_5': 'm', 'nspname_1': 'pg_catalog'}
2026-04-03 11:52:31,950 - sqlalchemy.engine.Engine - INFO - SELECT pg_catalog.pg_class.relname 
FROM pg_catalog.pg_class JOIN pg_catalog.pg_namespace ON pg_catalog.pg_namespace.oid = pg_catalog.pg_class.relnamespace 
WHERE pg_catalog.pg_class.relname = %(table_name)s AND pg_catalog.pg_class.relkind = ANY (ARRAY[%(param_1)s, %(param_2)s, %(param_3)s, %(param_4)s, %(param_5)s]) AND pg_catalog.pg_table_is_visible(pg_catalog.pg_class.oid) AND pg_catalog.pg_namespace.nspname != %(nspname_1)s
2026-04-03 11:52:31,950 - sqlalchemy.engine.Engine - INFO - [cached since 0.003397s ago] {'table_name': 'task_comments', 'param_1': 'r', 'param_2': 'p', 'param_3': 'f', 'param_4': 'v', 'param_5': 'm', 'nspname_1': 'pg_catalog'}
2026-04-03 11:52:31,951 - sqlalchemy.engine.Engine - INFO - SELECT pg_catalog.pg_class.relname 
FROM pg_catalog.pg_class JOIN pg_catalog.pg_namespace ON pg_catalog.pg_namespace.oid = pg_catalog.pg_class.relnamespace 
WHERE pg_catalog.pg_class.relname = %(table_name)s AND pg_catalog.pg_class.relkind = ANY (ARRAY[%(param_1)s, %(param_2)s, %(param_3)s, %(param_4)s, %(param_5)s]) AND pg_catalog.pg_table_is_visible(pg_catalog.pg_class.oid) AND pg_catalog.pg_namespace.nspname != %(nspname_1)s
2026-04-03 11:52:31,952 - sqlalchemy.engine.Engine - INFO - [cached since 0.00447s ago] {'table_name': 'audit_logs', 'param_1': 'r', 'param_2': 'p', 'param_3': 'f', 'param_4': 'v', 'param_5': 'm', 'nspname_1': 'pg_catalog'}
2026-04-03 11:52:31,952 - sqlalchemy.engine.Engine - INFO - SELECT pg_catalog.pg_class.relname 
FROM pg_catalog.pg_class JOIN pg_catalog.pg_namespace ON pg_catalog.pg_namespace.oid = pg_catalog.pg_class.relnamespace 
WHERE pg_catalog.pg_class.relname = %(table_name)s AND pg_catalog.pg_class.relkind = ANY (ARRAY[%(param_1)s, %(param_2)s, %(param_3)s, %(param_4)s, %(param_5)s]) AND pg_catalog.pg_table_is_visible(pg_catalog.pg_class.oid) AND pg_catalog.pg_namespace.nspname != %(nspname_1)s
2026-04-03 11:52:31,952 - sqlalchemy.engine.Engine - INFO - [cached since 0.005324s ago] {'table_name': 'companies', 'param_1': 'r', 'param_2': 'p', 'param_3': 'f', 'param_4': 'v', 'param_5': 'm', 'nspname_1': 'pg_catalog'}
2026-04-03 11:52:31,953 - sqlalchemy.engine.Engine - INFO - SELECT pg_catalog.pg_class.relname 
FROM pg_catalog.pg_class JOIN pg_catalog.pg_namespace ON pg_catalog.pg_namespace.oid = pg_catalog.pg_class.relnamespace 
WHERE pg_catalog.pg_class.relname = %(table_name)s AND pg_catalog.pg_class.relkind = ANY (ARRAY[%(param_1)s, %(param_2)s, %(param_3)s, %(param_4)s, %(param_5)s]) AND pg_catalog.pg_table_is_visible(pg_catalog.pg_class.oid) AND pg_catalog.pg_namespace.nspname != %(nspname_1)s
2026-04-03 11:52:31,953 - sqlalchemy.engine.Engine - INFO - [cached since 0.006291s ago] {'table_name': 'id_sequences', 'param_1': 'r', 'param_2': 'p', 'param_3': 'f', 'param_4': 'v', 'param_5': 'm', 'nspname_1': 'pg_catalog'}
2026-04-03 11:52:31,954 - sqlalchemy.engine.Engine - INFO - COMMIT
2026-04-03 11:52:46,518 - app.main - INFO - 🚀 NexusFlow AI API starting up...
2026-04-03 11:52:46,577 - alembic.runtime.plugins - INFO - setup plugin alembic.autogenerate.schemas
2026-04-03 11:52:46,578 - alembic.runtime.plugins - INFO - setup plugin alembic.autogenerate.tables
2026-04-03 11:52:46,578 - alembic.runtime.plugins - INFO - setup plugin alembic.autogenerate.types
2026-04-03 11:52:46,578 - alembic.runtime.plugins - INFO - setup plugin alembic.autogenerate.constraints
2026-04-03 11:52:46,579 - alembic.runtime.plugins - INFO - setup plugin alembic.autogenerate.defaults
2026-04-03 11:52:46,579 - alembic.runtime.plugins - INFO - setup plugin alembic.autogenerate.comments
2026-04-03 11:52:46,675 - sqlalchemy.engine.Engine - INFO - select pg_catalog.version()
2026-04-03 11:52:46,676 - sqlalchemy.engine.Engine - INFO - [raw sql] {}
2026-04-03 11:52:46,677 - sqlalchemy.engine.Engine - INFO - select current_schema()
2026-04-03 11:52:46,677 - sqlalchemy.engine.Engine - INFO - [raw sql] {}
2026-04-03 11:52:46,678 - sqlalchemy.engine.Engine - INFO - show standard_conforming_strings
2026-04-03 11:52:46,678 - sqlalchemy.engine.Engine - INFO - [raw sql] {}
2026-04-03 11:52:46,679 - sqlalchemy.engine.Engine - INFO - BEGIN (implicit)
2026-04-03 11:52:46,681 - sqlalchemy.engine.Engine - INFO - SELECT pg_catalog.pg_class.relname 
FROM pg_catalog.pg_class JOIN pg_catalog.pg_namespace ON pg_catalog.pg_namespace.oid = pg_catalog.pg_class.relnamespace 
WHERE pg_catalog.pg_class.relname = %(table_name)s AND pg_catalog.pg_class.relkind = ANY (ARRAY[%(param_1)s, %(param_2)s, %(param_3)s, %(param_4)s, %(param_5)s]) AND pg_catalog.pg_table_is_visible(pg_catalog.pg_class.oid) AND pg_catalog.pg_namespace.nspname != %(nspname_1)s
2026-04-03 11:52:46,682 - sqlalchemy.engine.Engine - INFO - [generated in 0.00040s] {'table_name': 'users', 'param_1': 'r', 'param_2': 'p', 'param_3': 'f', 'param_4': 'v', 'param_5': 'm', 'nspname_1': 'pg_catalog'}
2026-04-03 11:52:46,684 - sqlalchemy.engine.Engine - INFO - SELECT pg_catalog.pg_class.relname 
FROM pg_catalog.pg_class JOIN pg_catalog.pg_namespace ON pg_catalog.pg_namespace.oid = pg_catalog.pg_class.relnamespace 
WHERE pg_catalog.pg_class.relname = %(table_name)s AND pg_catalog.pg_class.relkind = ANY (ARRAY[%(param_1)s, %(param_2)s, %(param_3)s, %(param_4)s, %(param_5)s]) AND pg_catalog.pg_table_is_visible(pg_catalog.pg_class.oid) AND pg_catalog.pg_namespace.nspname != %(nspname_1)s
2026-04-03 11:52:46,684 - sqlalchemy.engine.Engine - INFO - [cached since 0.00242s ago] {'table_name': 'tasks', 'param_1': 'r', 'param_2': 'p', 'param_3': 'f', 'param_4': 'v', 'param_5': 'm', 'nspname_1': 'pg_catalog'}
2026-04-03 11:52:46,685 - sqlalchemy.engine.Engine - INFO - SELECT pg_catalog.pg_class.relname 
FROM pg_catalog.pg_class JOIN pg_catalog.pg_namespace ON pg_catalog.pg_namespace.oid = pg_catalog.pg_class.relnamespace 
WHERE pg_catalog.pg_class.relname = %(table_name)s AND pg_catalog.pg_class.relkind = ANY (ARRAY[%(param_1)s, %(param_2)s, %(param_3)s, %(param_4)s, %(param_5)s]) AND pg_catalog.pg_table_is_visible(pg_catalog.pg_class.oid) AND pg_catalog.pg_namespace.nspname != %(nspname_1)s
2026-04-03 11:52:46,685 - sqlalchemy.engine.Engine - INFO - [cached since 0.00353s ago] {'table_name': 'task_comments', 'param_1': 'r', 'param_2': 'p', 'param_3': 'f', 'param_4': 'v', 'param_5': 'm', 'nspname_1': 'pg_catalog'}
2026-04-03 11:52:46,686 - sqlalchemy.engine.Engine - INFO - SELECT pg_catalog.pg_class.relname 
FROM pg_catalog.pg_class JOIN pg_catalog.pg_namespace ON pg_catalog.pg_namespace.oid = pg_catalog.pg_class.relnamespace 
WHERE pg_catalog.pg_class.relname = %(table_name)s AND pg_catalog.pg_class.relkind = ANY (ARRAY[%(param_1)s, %(param_2)s, %(param_3)s, %(param_4)s, %(param_5)s]) AND pg_catalog.pg_table_is_visible(pg_catalog.pg_class.oid) AND pg_catalog.pg_namespace.nspname != %(nspname_1)s
2026-04-03 11:52:46,686 - sqlalchemy.engine.Engine - INFO - [cached since 0.004591s ago] {'table_name': 'audit_logs', 'param_1': 'r', 'param_2': 'p', 'param_3': 'f', 'param_4': 'v', 'param_5': 'm', 'nspname_1': 'pg_catalog'}
2026-04-03 11:52:46,687 - sqlalchemy.engine.Engine - INFO - SELECT pg_catalog.pg_class.relname 
FROM pg_catalog.pg_class JOIN pg_catalog.pg_namespace ON pg_catalog.pg_namespace.oid = pg_catalog.pg_class.relnamespace 
WHERE pg_catalog.pg_class.relname = %(table_name)s AND pg_catalog.pg_class.relkind = ANY (ARRAY[%(param_1)s, %(param_2)s, %(param_3)s, %(param_4)s, %(param_5)s]) AND pg_catalog.pg_table_is_visible(pg_catalog.pg_class.oid) AND pg_catalog.pg_namespace.nspname != %(nspname_1)s
2026-04-03 11:52:46,687 - sqlalchemy.engine.Engine - INFO - [cached since 0.005642s ago] {'table_name': 'companies', 'param_1': 'r', 'param_2': 'p', 'param_3': 'f', 'param_4': 'v', 'param_5': 'm', 'nspname_1': 'pg_catalog'}
2026-04-03 11:52:46,688 - sqlalchemy.engine.Engine - INFO - SELECT pg_catalog.pg_class.relname 
FROM pg_catalog.pg_class JOIN pg_catalog.pg_namespace ON pg_catalog.pg_namespace.oid = pg_catalog.pg_class.relnamespace 
WHERE pg_catalog.pg_class.relname = %(table_name)s AND pg_catalog.pg_class.relkind = ANY (ARRAY[%(param_1)s, %(param_2)s, %(param_3)s, %(param_4)s, %(param_5)s]) AND pg_catalog.pg_table_is_visible(pg_catalog.pg_class.oid) AND pg_catalog.pg_namespace.nspname != %(nspname_1)s
2026-04-03 11:52:46,688 - sqlalchemy.engine.Engine - INFO - [cached since 0.00663s ago] {'table_name': 'id_sequences', 'param_1': 'r', 'param_2': 'p', 'param_3': 'f', 'param_4': 'v', 'param_5': 'm', 'nspname_1': 'pg_catalog'}
2026-04-03 11:52:46,689 - sqlalchemy.engine.Engine - INFO - COMMIT
2026-04-03 11:56:59,930 - app.main - INFO - 🚀 NexusFlow AI API starting up...
2026-04-03 11:56:59,995 - alembic.runtime.plugins - INFO - setup plugin alembic.autogenerate.schemas
2026-04-03 11:56:59,995 - alembic.runtime.plugins - INFO - setup plugin alembic.autogenerate.tables
2026-04-03 11:56:59,995 - alembic.runtime.plugins - INFO - setup plugin alembic.autogenerate.types
2026-04-03 11:56:59,995 - alembic.runtime.plugins - INFO - setup plugin alembic.autogenerate.constraints
2026-04-03 11:56:59,995 - alembic.runtime.plugins - INFO - setup plugin alembic.autogenerate.defaults
2026-04-03 11:56:59,996 - alembic.runtime.plugins - INFO - setup plugin alembic.autogenerate.comments
2026-04-03 11:57:00,112 - sqlalchemy.engine.Engine - INFO - select pg_catalog.version()
2026-04-03 11:57:00,112 - sqlalchemy.engine.Engine - INFO - [raw sql] {}
2026-04-03 11:57:00,114 - sqlalchemy.engine.Engine - INFO - select current_schema()
2026-04-03 11:57:00,114 - sqlalchemy.engine.Engine - INFO - [raw sql] {}
2026-04-03 11:57:00,115 - sqlalchemy.engine.Engine - INFO - show standard_conforming_strings
2026-04-03 11:57:00,115 - sqlalchemy.engine.Engine - INFO - [raw sql] {}
2026-04-03 11:57:00,115 - sqlalchemy.engine.Engine - INFO - BEGIN (implicit)
2026-04-03 11:57:00,118 - sqlalchemy.engine.Engine - INFO - SELECT pg_catalog.pg_class.relname 
FROM pg_catalog.pg_class JOIN pg_catalog.pg_namespace ON pg_catalog.pg_namespace.oid = pg_catalog.pg_class.relnamespace 
WHERE pg_catalog.pg_class.relname = %(table_name)s AND pg_catalog.pg_class.relkind = ANY (ARRAY[%(param_1)s, %(param_2)s, %(param_3)s, %(param_4)s, %(param_5)s]) AND pg_catalog.pg_table_is_visible(pg_catalog.pg_class.oid) AND pg_catalog.pg_namespace.nspname != %(nspname_1)s
2026-04-03 11:57:00,119 - sqlalchemy.engine.Engine - INFO - [generated in 0.00066s] {'table_name': 'users', 'param_1': 'r', 'param_2': 'p', 'param_3': 'f', 'param_4': 'v', 'param_5': 'm', 'nspname_1': 'pg_catalog'}
2026-04-03 11:57:00,120 - sqlalchemy.engine.Engine - INFO - SELECT pg_catalog.pg_class.relname 
FROM pg_catalog.pg_class JOIN pg_catalog.pg_namespace ON pg_catalog.pg_namespace.oid = pg_catalog.pg_class.relnamespace 
WHERE pg_catalog.pg_class.relname = %(table_name)s AND pg_catalog.pg_class.relkind = ANY (ARRAY[%(param_1)s, %(param_2)s, %(param_3)s, %(param_4)s, %(param_5)s]) AND pg_catalog.pg_table_is_visible(pg_catalog.pg_class.oid) AND pg_catalog.pg_namespace.nspname != %(nspname_1)s
2026-04-03 11:57:00,121 - sqlalchemy.engine.Engine - INFO - [cached since 0.002611s ago] {'table_name': 'tasks', 'param_1': 'r', 'param_2': 'p', 'param_3': 'f', 'param_4': 'v', 'param_5': 'm', 'nspname_1': 'pg_catalog'}
2026-04-03 11:57:00,121 - sqlalchemy.engine.Engine - INFO - SELECT pg_catalog.pg_class.relname 
FROM pg_catalog.pg_class JOIN pg_catalog.pg_namespace ON pg_catalog.pg_namespace.oid = pg_catalog.pg_class.relnamespace 
WHERE pg_catalog.pg_class.relname = %(table_name)s AND pg_catalog.pg_class.relkind = ANY (ARRAY[%(param_1)s, %(param_2)s, %(param_3)s, %(param_4)s, %(param_5)s]) AND pg_catalog.pg_table_is_visible(pg_catalog.pg_class.oid) AND pg_catalog.pg_namespace.nspname != %(nspname_1)s
2026-04-03 11:57:00,122 - sqlalchemy.engine.Engine - INFO - [cached since 0.003672s ago] {'table_name': 'task_comments', 'param_1': 'r', 'param_2': 'p', 'param_3': 'f', 'param_4': 'v', 'param_5': 'm', 'nspname_1': 'pg_catalog'}
2026-04-03 11:57:00,122 - sqlalchemy.engine.Engine - INFO - SELECT pg_catalog.pg_class.relname 
FROM pg_catalog.pg_class JOIN pg_catalog.pg_namespace ON pg_catalog.pg_namespace.oid = pg_catalog.pg_class.relnamespace 
WHERE pg_catalog.pg_class.relname = %(table_name)s AND pg_catalog.pg_class.relkind = ANY (ARRAY[%(param_1)s, %(param_2)s, %(param_3)s, %(param_4)s, %(param_5)s]) AND pg_catalog.pg_table_is_visible(pg_catalog.pg_class.oid) AND pg_catalog.pg_namespace.nspname != %(nspname_1)s
2026-04-03 11:57:00,123 - sqlalchemy.engine.Engine - INFO - [cached since 0.004434s ago] {'table_name': 'audit_logs', 'param_1': 'r', 'param_2': 'p', 'param_3': 'f', 'param_4': 'v', 'param_5': 'm', 'nspname_1': 'pg_catalog'}
2026-04-03 11:57:00,123 - sqlalchemy.engine.Engine - INFO - SELECT pg_catalog.pg_class.relname 
FROM pg_catalog.pg_class JOIN pg_catalog.pg_namespace ON pg_catalog.pg_namespace.oid = pg_catalog.pg_class.relnamespace 
WHERE pg_catalog.pg_class.relname = %(table_name)s AND pg_catalog.pg_class.relkind = ANY (ARRAY[%(param_1)s, %(param_2)s, %(param_3)s, %(param_4)s, %(param_5)s]) AND pg_catalog.pg_table_is_visible(pg_catalog.pg_class.oid) AND pg_catalog.pg_namespace.nspname != %(nspname_1)s
2026-04-03 11:57:00,123 - sqlalchemy.engine.Engine - INFO - [cached since 0.005232s ago] {'table_name': 'companies', 'param_1': 'r', 'param_2': 'p', 'param_3': 'f', 'param_4': 'v', 'param_5': 'm', 'nspname_1': 'pg_catalog'}
2026-04-03 11:57:00,124 - sqlalchemy.engine.Engine - INFO - SELECT pg_catalog.pg_class.relname 
FROM pg_catalog.pg_class JOIN pg_catalog.pg_namespace ON pg_catalog.pg_namespace.oid = pg_catalog.pg_class.relnamespace 
WHERE pg_catalog.pg_class.relname = %(table_name)s AND pg_catalog.pg_class.relkind = ANY (ARRAY[%(param_1)s, %(param_2)s, %(param_3)s, %(param_4)s, %(param_5)s]) AND pg_catalog.pg_table_is_visible(pg_catalog.pg_class.oid) AND pg_catalog.pg_namespace.nspname != %(nspname_1)s
2026-04-03 11:57:00,124 - sqlalchemy.engine.Engine - INFO - [cached since 0.006299s ago] {'table_name': 'id_sequences', 'param_1': 'r', 'param_2': 'p', 'param_3': 'f', 'param_4': 'v', 'param_5': 'm', 'nspname_1': 'pg_catalog'}
2026-04-03 11:57:00,125 - sqlalchemy.engine.Engine - INFO - COMMIT
2026-04-03 11:57:48,880 - app.main - INFO - 🚀 NexusFlow AI API starting up...
2026-04-03 11:57:48,944 - alembic.runtime.plugins - INFO - setup plugin alembic.autogenerate.schemas
2026-04-03 11:57:48,944 - alembic.runtime.plugins - INFO - setup plugin alembic.autogenerate.tables
2026-04-03 11:57:48,944 - alembic.runtime.plugins - INFO - setup plugin alembic.autogenerate.types
2026-04-03 11:57:48,944 - alembic.runtime.plugins - INFO - setup plugin alembic.autogenerate.constraints
2026-04-03 11:57:48,945 - alembic.runtime.plugins - INFO - setup plugin alembic.autogenerate.defaults
2026-04-03 11:57:48,945 - alembic.runtime.plugins - INFO - setup plugin alembic.autogenerate.comments
2026-04-03 11:57:49,156 - sqlalchemy.engine.Engine - INFO - select pg_catalog.version()
2026-04-03 11:57:49,156 - sqlalchemy.engine.Engine - INFO - [raw sql] {}
2026-04-03 11:57:49,157 - sqlalchemy.engine.Engine - INFO - select current_schema()
2026-04-03 11:57:49,157 - sqlalchemy.engine.Engine - INFO - [raw sql] {}
2026-04-03 11:57:49,158 - sqlalchemy.engine.Engine - INFO - show standard_conforming_strings
2026-04-03 11:57:49,158 - sqlalchemy.engine.Engine - INFO - [raw sql] {}
2026-04-03 11:57:49,159 - sqlalchemy.engine.Engine - INFO - BEGIN (implicit)
2026-04-03 11:57:49,161 - sqlalchemy.engine.Engine - INFO - SELECT pg_catalog.pg_class.relname 
FROM pg_catalog.pg_class JOIN pg_catalog.pg_namespace ON pg_catalog.pg_namespace.oid = pg_catalog.pg_class.relnamespace 
WHERE pg_catalog.pg_class.relname = %(table_name)s AND pg_catalog.pg_class.relkind = ANY (ARRAY[%(param_1)s, %(param_2)s, %(param_3)s, %(param_4)s, %(param_5)s]) AND pg_catalog.pg_table_is_visible(pg_catalog.pg_class.oid) AND pg_catalog.pg_namespace.nspname != %(nspname_1)s
2026-04-03 11:57:49,162 - sqlalchemy.engine.Engine - INFO - [generated in 0.00037s] {'table_name': 'users', 'param_1': 'r', 'param_2': 'p', 'param_3': 'f', 'param_4': 'v', 'param_5': 'm', 'nspname_1': 'pg_catalog'}
2026-04-03 11:57:49,163 - sqlalchemy.engine.Engine - INFO - SELECT pg_catalog.pg_class.relname 
FROM pg_catalog.pg_class JOIN pg_catalog.pg_namespace ON pg_catalog.pg_namespace.oid = pg_catalog.pg_class.relnamespace 
WHERE pg_catalog.pg_class.relname = %(table_name)s AND pg_catalog.pg_class.relkind = ANY (ARRAY[%(param_1)s, %(param_2)s, %(param_3)s, %(param_4)s, %(param_5)s]) AND pg_catalog.pg_table_is_visible(pg_catalog.pg_class.oid) AND pg_catalog.pg_namespace.nspname != %(nspname_1)s
2026-04-03 11:57:49,164 - sqlalchemy.engine.Engine - INFO - [cached since 0.002311s ago] {'table_name': 'tasks', 'param_1': 'r', 'param_2': 'p', 'param_3': 'f', 'param_4': 'v', 'param_5': 'm', 'nspname_1': 'pg_catalog'}
2026-04-03 11:57:49,164 - sqlalchemy.engine.Engine - INFO - SELECT pg_catalog.pg_class.relname 
FROM pg_catalog.pg_class JOIN pg_catalog.pg_namespace ON pg_catalog.pg_namespace.oid = pg_catalog.pg_class.relnamespace 
WHERE pg_catalog.pg_class.relname = %(table_name)s AND pg_catalog.pg_class.relkind = ANY (ARRAY[%(param_1)s, %(param_2)s, %(param_3)s, %(param_4)s, %(param_5)s]) AND pg_catalog.pg_table_is_visible(pg_catalog.pg_class.oid) AND pg_catalog.pg_namespace.nspname != %(nspname_1)s
2026-04-03 11:57:49,165 - sqlalchemy.engine.Engine - INFO - [cached since 0.00331s ago] {'table_name': 'task_comments', 'param_1': 'r', 'param_2': 'p', 'param_3': 'f', 'param_4': 'v', 'param_5': 'm', 'nspname_1': 'pg_catalog'}
2026-04-03 11:57:49,165 - sqlalchemy.engine.Engine - INFO - SELECT pg_catalog.pg_class.relname 
FROM pg_catalog.pg_class JOIN pg_catalog.pg_namespace ON pg_catalog.pg_namespace.oid = pg_catalog.pg_class.relnamespace 
WHERE pg_catalog.pg_class.relname = %(table_name)s AND pg_catalog.pg_class.relkind = ANY (ARRAY[%(param_1)s, %(param_2)s, %(param_3)s, %(param_4)s, %(param_5)s]) AND pg_catalog.pg_table_is_visible(pg_catalog.pg_class.oid) AND pg_catalog.pg_namespace.nspname != %(nspname_1)s
2026-04-03 11:57:49,166 - sqlalchemy.engine.Engine - INFO - [cached since 0.004435s ago] {'table_name': 'audit_logs', 'param_1': 'r', 'param_2': 'p', 'param_3': 'f', 'param_4': 'v', 'param_5': 'm', 'nspname_1': 'pg_catalog'}
2026-04-03 11:57:49,166 - sqlalchemy.engine.Engine - INFO - SELECT pg_catalog.pg_class.relname 
FROM pg_catalog.pg_class JOIN pg_catalog.pg_namespace ON pg_catalog.pg_namespace.oid = pg_catalog.pg_class.relnamespace 
WHERE pg_catalog.pg_class.relname = %(table_name)s AND pg_catalog.pg_class.relkind = ANY (ARRAY[%(param_1)s, %(param_2)s, %(param_3)s, %(param_4)s, %(param_5)s]) AND pg_catalog.pg_table_is_visible(pg_catalog.pg_class.oid) AND pg_catalog.pg_namespace.nspname != %(nspname_1)s
2026-04-03 11:57:49,167 - sqlalchemy.engine.Engine - INFO - [cached since 0.005381s ago] {'table_name': 'companies', 'param_1': 'r', 'param_2': 'p', 'param_3': 'f', 'param_4': 'v', 'param_5': 'm', 'nspname_1': 'pg_catalog'}
2026-04-03 11:57:49,167 - sqlalchemy.engine.Engine - INFO - SELECT pg_catalog.pg_class.relname 
FROM pg_catalog.pg_class JOIN pg_catalog.pg_namespace ON pg_catalog.pg_namespace.oid = pg_catalog.pg_class.relnamespace 
WHERE pg_catalog.pg_class.relname = %(table_name)s AND pg_catalog.pg_class.relkind = ANY (ARRAY[%(param_1)s, %(param_2)s, %(param_3)s, %(param_4)s, %(param_5)s]) AND pg_catalog.pg_table_is_visible(pg_catalog.pg_class.oid) AND pg_catalog.pg_namespace.nspname != %(nspname_1)s
2026-04-03 11:57:49,168 - sqlalchemy.engine.Engine - INFO - [cached since 0.006422s ago] {'table_name': 'id_sequences', 'param_1': 'r', 'param_2': 'p', 'param_3': 'f', 'param_4': 'v', 'param_5': 'm', 'nspname_1': 'pg_catalog'}
2026-04-03 11:57:49,169 - sqlalchemy.engine.Engine - INFO - COMMIT
2026-04-03 12:01:44,593 - app.main - INFO - 🚀 NexusFlow AI API starting up...
2026-04-03 12:01:44,662 - alembic.runtime.plugins - INFO - setup plugin alembic.autogenerate.schemas
2026-04-03 12:01:44,662 - alembic.runtime.plugins - INFO - setup plugin alembic.autogenerate.tables
2026-04-03 12:01:44,663 - alembic.runtime.plugins - INFO - setup plugin alembic.autogenerate.types
2026-04-03 12:01:44,663 - alembic.runtime.plugins - INFO - setup plugin alembic.autogenerate.constraints
2026-04-03 12:01:44,663 - alembic.runtime.plugins - INFO - setup plugin alembic.autogenerate.defaults
2026-04-03 12:01:44,663 - alembic.runtime.plugins - INFO - setup plugin alembic.autogenerate.comments
2026-04-03 12:01:44,969 - sqlalchemy.engine.Engine - INFO - select pg_catalog.version()
2026-04-03 12:01:44,970 - sqlalchemy.engine.Engine - INFO - [raw sql] {}
2026-04-03 12:01:44,971 - sqlalchemy.engine.Engine - INFO - select current_schema()
2026-04-03 12:01:44,971 - sqlalchemy.engine.Engine - INFO - [raw sql] {}
2026-04-03 12:01:44,972 - sqlalchemy.engine.Engine - INFO - show standard_conforming_strings
2026-04-03 12:01:44,972 - sqlalchemy.engine.Engine - INFO - [raw sql] {}
2026-04-03 12:01:44,973 - sqlalchemy.engine.Engine - INFO - BEGIN (implicit)
2026-04-03 12:01:44,984 - sqlalchemy.engine.Engine - INFO - SELECT pg_catalog.pg_class.relname 
FROM pg_catalog.pg_class JOIN pg_catalog.pg_namespace ON pg_catalog.pg_namespace.oid = pg_catalog.pg_class.relnamespace 
WHERE pg_catalog.pg_class.relname = %(table_name)s AND pg_catalog.pg_class.relkind = ANY (ARRAY[%(param_1)s, %(param_2)s, %(param_3)s, %(param_4)s, %(param_5)s]) AND pg_catalog.pg_table_is_visible(pg_catalog.pg_class.oid) AND pg_catalog.pg_namespace.nspname != %(nspname_1)s
2026-04-03 12:01:44,984 - sqlalchemy.engine.Engine - INFO - [generated in 0.00037s] {'table_name': 'users', 'param_1': 'r', 'param_2': 'p', 'param_3': 'f', 'param_4': 'v', 'param_5': 'm', 'nspname_1': 'pg_catalog'}
2026-04-03 12:01:44,986 - sqlalchemy.engine.Engine - INFO - SELECT pg_catalog.pg_class.relname 
FROM pg_catalog.pg_class JOIN pg_catalog.pg_namespace ON pg_catalog.pg_namespace.oid = pg_catalog.pg_class.relnamespace 
WHERE pg_catalog.pg_class.relname = %(table_name)s AND pg_catalog.pg_class.relkind = ANY (ARRAY[%(param_1)s, %(param_2)s, %(param_3)s, %(param_4)s, %(param_5)s]) AND pg_catalog.pg_table_is_visible(pg_catalog.pg_class.oid) AND pg_catalog.pg_namespace.nspname != %(nspname_1)s
2026-04-03 12:01:44,986 - sqlalchemy.engine.Engine - INFO - [cached since 0.002337s ago] {'table_name': 'tasks', 'param_1': 'r', 'param_2': 'p', 'param_3': 'f', 'param_4': 'v', 'param_5': 'm', 'nspname_1': 'pg_catalog'}
2026-04-03 12:01:44,987 - sqlalchemy.engine.Engine - INFO - SELECT pg_catalog.pg_class.relname 
FROM pg_catalog.pg_class JOIN pg_catalog.pg_namespace ON pg_catalog.pg_namespace.oid = pg_catalog.pg_class.relnamespace 
WHERE pg_catalog.pg_class.relname = %(table_name)s AND pg_catalog.pg_class.relkind = ANY (ARRAY[%(param_1)s, %(param_2)s, %(param_3)s, %(param_4)s, %(param_5)s]) AND pg_catalog.pg_table_is_visible(pg_catalog.pg_class.oid) AND pg_catalog.pg_namespace.nspname != %(nspname_1)s
2026-04-03 12:01:44,987 - sqlalchemy.engine.Engine - INFO - [cached since 0.003425s ago] {'table_name': 'task_comments', 'param_1': 'r', 'param_2': 'p', 'param_3': 'f', 'param_4': 'v', 'param_5': 'm', 'nspname_1': 'pg_catalog'}
2026-04-03 12:01:44,988 - sqlalchemy.engine.Engine - INFO - SELECT pg_catalog.pg_class.relname 
FROM pg_catalog.pg_class JOIN pg_catalog.pg_namespace ON pg_catalog.pg_namespace.oid = pg_catalog.pg_class.relnamespace 
WHERE pg_catalog.pg_class.relname = %(table_name)s AND pg_catalog.pg_class.relkind = ANY (ARRAY[%(param_1)s, %(param_2)s, %(param_3)s, %(param_4)s, %(param_5)s]) AND pg_catalog.pg_table_is_visible(pg_catalog.pg_class.oid) AND pg_catalog.pg_namespace.nspname != %(nspname_1)s
2026-04-03 12:01:44,988 - sqlalchemy.engine.Engine - INFO - [cached since 0.004364s ago] {'table_name': 'audit_logs', 'param_1': 'r', 'param_2': 'p', 'param_3': 'f', 'param_4': 'v', 'param_5': 'm', 'nspname_1': 'pg_catalog'}
2026-04-03 12:01:44,989 - sqlalchemy.engine.Engine - INFO - SELECT pg_catalog.pg_class.relname 
FROM pg_catalog.pg_class JOIN pg_catalog.pg_namespace ON pg_catalog.pg_namespace.oid = pg_catalog.pg_class.relnamespace 
WHERE pg_catalog.pg_class.relname = %(table_name)s AND pg_catalog.pg_class.relkind = ANY (ARRAY[%(param_1)s, %(param_2)s, %(param_3)s, %(param_4)s, %(param_5)s]) AND pg_catalog.pg_table_is_visible(pg_catalog.pg_class.oid) AND pg_catalog.pg_namespace.nspname != %(nspname_1)s
2026-04-03 12:01:44,989 - sqlalchemy.engine.Engine - INFO - [cached since 0.005283s ago] {'table_name': 'companies', 'param_1': 'r', 'param_2': 'p', 'param_3': 'f', 'param_4': 'v', 'param_5': 'm', 'nspname_1': 'pg_catalog'}
2026-04-03 12:01:44,990 - sqlalchemy.engine.Engine - INFO - SELECT pg_catalog.pg_class.relname 
FROM pg_catalog.pg_class JOIN pg_catalog.pg_namespace ON pg_catalog.pg_namespace.oid = pg_catalog.pg_class.relnamespace 
WHERE pg_catalog.pg_class.relname = %(table_name)s AND pg_catalog.pg_class.relkind = ANY (ARRAY[%(param_1)s, %(param_2)s, %(param_3)s, %(param_4)s, %(param_5)s]) AND pg_catalog.pg_table_is_visible(pg_catalog.pg_class.oid) AND pg_catalog.pg_namespace.nspname != %(nspname_1)s
2026-04-03 12:01:44,990 - sqlalchemy.engine.Engine - INFO - [cached since 0.006349s ago] {'table_name': 'id_sequences', 'param_1': 'r', 'param_2': 'p', 'param_3': 'f', 'param_4': 'v', 'param_5': 'm', 'nspname_1': 'pg_catalog'}
2026-04-03 12:01:44,991 - sqlalchemy.engine.Engine - INFO - COMMIT
2026-04-03 12:17:29,358 - app.main - INFO - 🚀 NexusFlow AI API starting up...
2026-04-03 12:17:29,426 - alembic.runtime.plugins - INFO - setup plugin alembic.autogenerate.schemas
2026-04-03 12:17:29,426 - alembic.runtime.plugins - INFO - setup plugin alembic.autogenerate.tables
2026-04-03 12:17:29,426 - alembic.runtime.plugins - INFO - setup plugin alembic.autogenerate.types
2026-04-03 12:17:29,426 - alembic.runtime.plugins - INFO - setup plugin alembic.autogenerate.constraints
2026-04-03 12:17:29,426 - alembic.runtime.plugins - INFO - setup plugin alembic.autogenerate.defaults
2026-04-03 12:17:29,426 - alembic.runtime.plugins - INFO - setup plugin alembic.autogenerate.comments
2026-04-03 12:17:29,518 - sqlalchemy.engine.Engine - INFO - select pg_catalog.version()
2026-04-03 12:17:29,519 - sqlalchemy.engine.Engine - INFO - [raw sql] {}
2026-04-03 12:17:29,520 - sqlalchemy.engine.Engine - INFO - select current_schema()
2026-04-03 12:17:29,521 - sqlalchemy.engine.Engine - INFO - [raw sql] {}
2026-04-03 12:17:29,522 - sqlalchemy.engine.Engine - INFO - show standard_conforming_strings
2026-04-03 12:17:29,522 - sqlalchemy.engine.Engine - INFO - [raw sql] {}
2026-04-03 12:17:29,522 - sqlalchemy.engine.Engine - INFO - BEGIN (implicit)
2026-04-03 12:17:29,525 - sqlalchemy.engine.Engine - INFO - SELECT pg_catalog.pg_class.relname 
FROM pg_catalog.pg_class JOIN pg_catalog.pg_namespace ON pg_catalog.pg_namespace.oid = pg_catalog.pg_class.relnamespace 
WHERE pg_catalog.pg_class.relname = %(table_name)s AND pg_catalog.pg_class.relkind = ANY (ARRAY[%(param_1)s, %(param_2)s, %(param_3)s, %(param_4)s, %(param_5)s]) AND pg_catalog.pg_table_is_visible(pg_catalog.pg_class.oid) AND pg_catalog.pg_namespace.nspname != %(nspname_1)s
2026-04-03 12:17:29,525 - sqlalchemy.engine.Engine - INFO - [generated in 0.00033s] {'table_name': 'users', 'param_1': 'r', 'param_2': 'p', 'param_3': 'f', 'param_4': 'v', 'param_5': 'm', 'nspname_1': 'pg_catalog'}
2026-04-03 12:17:29,527 - sqlalchemy.engine.Engine - INFO - SELECT pg_catalog.pg_class.relname 
FROM pg_catalog.pg_class JOIN pg_catalog.pg_namespace ON pg_catalog.pg_namespace.oid = pg_catalog.pg_class.relnamespace 
WHERE pg_catalog.pg_class.relname = %(table_name)s AND pg_catalog.pg_class.relkind = ANY (ARRAY[%(param_1)s, %(param_2)s, %(param_3)s, %(param_4)s, %(param_5)s]) AND pg_catalog.pg_table_is_visible(pg_catalog.pg_class.oid) AND pg_catalog.pg_namespace.nspname != %(nspname_1)s
2026-04-03 12:17:29,527 - sqlalchemy.engine.Engine - INFO - [cached since 0.00256s ago] {'table_name': 'tasks', 'param_1': 'r', 'param_2': 'p', 'param_3': 'f', 'param_4': 'v', 'param_5': 'm', 'nspname_1': 'pg_catalog'}
2026-04-03 12:17:29,528 - sqlalchemy.engine.Engine - INFO - SELECT pg_catalog.pg_class.relname 
FROM pg_catalog.pg_class JOIN pg_catalog.pg_namespace ON pg_catalog.pg_namespace.oid = pg_catalog.pg_class.relnamespace 
WHERE pg_catalog.pg_class.relname = %(table_name)s AND pg_catalog.pg_class.relkind = ANY (ARRAY[%(param_1)s, %(param_2)s, %(param_3)s, %(param_4)s, %(param_5)s]) AND pg_catalog.pg_table_is_visible(pg_catalog.pg_class.oid) AND pg_catalog.pg_namespace.nspname != %(nspname_1)s
2026-04-03 12:17:29,528 - sqlalchemy.engine.Engine - INFO - [cached since 0.00368s ago] {'table_name': 'task_comments', 'param_1': 'r', 'param_2': 'p', 'param_3': 'f', 'param_4': 'v', 'param_5': 'm', 'nspname_1': 'pg_catalog'}
2026-04-03 12:17:29,529 - sqlalchemy.engine.Engine - INFO - SELECT pg_catalog.pg_class.relname 
FROM pg_catalog.pg_class JOIN pg_catalog.pg_namespace ON pg_catalog.pg_namespace.oid = pg_catalog.pg_class.relnamespace 
WHERE pg_catalog.pg_class.relname = %(table_name)s AND pg_catalog.pg_class.relkind = ANY (ARRAY[%(param_1)s, %(param_2)s, %(param_3)s, %(param_4)s, %(param_5)s]) AND pg_catalog.pg_table_is_visible(pg_catalog.pg_class.oid) AND pg_catalog.pg_namespace.nspname != %(nspname_1)s
2026-04-03 12:17:29,529 - sqlalchemy.engine.Engine - INFO - [cached since 0.004586s ago] {'table_name': 'audit_logs', 'param_1': 'r', 'param_2': 'p', 'param_3': 'f', 'param_4': 'v', 'param_5': 'm', 'nspname_1': 'pg_catalog'}
2026-04-03 12:17:29,530 - sqlalchemy.engine.Engine - INFO - SELECT pg_catalog.pg_class.relname 
FROM pg_catalog.pg_class JOIN pg_catalog.pg_namespace ON pg_catalog.pg_namespace.oid = pg_catalog.pg_class.relnamespace 
WHERE pg_catalog.pg_class.relname = %(table_name)s AND pg_catalog.pg_class.relkind = ANY (ARRAY[%(param_1)s, %(param_2)s, %(param_3)s, %(param_4)s, %(param_5)s]) AND pg_catalog.pg_table_is_visible(pg_catalog.pg_class.oid) AND pg_catalog.pg_namespace.nspname != %(nspname_1)s
2026-04-03 12:17:29,530 - sqlalchemy.engine.Engine - INFO - [cached since 0.005381s ago] {'table_name': 'companies', 'param_1': 'r', 'param_2': 'p', 'param_3': 'f', 'param_4': 'v', 'param_5': 'm', 'nspname_1': 'pg_catalog'}
2026-04-03 12:17:29,531 - sqlalchemy.engine.Engine - INFO - SELECT pg_catalog.pg_class.relname 
FROM pg_catalog.pg_class JOIN pg_catalog.pg_namespace ON pg_catalog.pg_namespace.oid = pg_catalog.pg_class.relnamespace 
WHERE pg_catalog.pg_class.relname = %(table_name)s AND pg_catalog.pg_class.relkind = ANY (ARRAY[%(param_1)s, %(param_2)s, %(param_3)s, %(param_4)s, %(param_5)s]) AND pg_catalog.pg_table_is_visible(pg_catalog.pg_class.oid) AND pg_catalog.pg_namespace.nspname != %(nspname_1)s
2026-04-03 12:17:29,531 - sqlalchemy.engine.Engine - INFO - [cached since 0.006163s ago] {'table_name': 'id_sequences', 'param_1': 'r', 'param_2': 'p', 'param_3': 'f', 'param_4': 'v', 'param_5': 'm', 'nspname_1': 'pg_catalog'}
2026-04-03 12:17:29,532 - sqlalchemy.engine.Engine - INFO - COMMIT
2026-04-03 12:18:03,582 - app.main - INFO - 🚀 NexusFlow AI API starting up...
2026-04-03 12:18:03,645 - alembic.runtime.plugins - INFO - setup plugin alembic.autogenerate.schemas
2026-04-03 12:18:03,645 - alembic.runtime.plugins - INFO - setup plugin alembic.autogenerate.tables
2026-04-03 12:18:03,646 - alembic.runtime.plugins - INFO - setup plugin alembic.autogenerate.types
2026-04-03 12:18:03,646 - alembic.runtime.plugins - INFO - setup plugin alembic.autogenerate.constraints
2026-04-03 12:18:03,646 - alembic.runtime.plugins - INFO - setup plugin alembic.autogenerate.defaults
2026-04-03 12:18:03,646 - alembic.runtime.plugins - INFO - setup plugin alembic.autogenerate.comments
2026-04-03 12:18:03,850 - sqlalchemy.engine.Engine - INFO - select pg_catalog.version()
2026-04-03 12:18:03,851 - sqlalchemy.engine.Engine - INFO - [raw sql] {}
2026-04-03 12:18:03,852 - sqlalchemy.engine.Engine - INFO - select current_schema()
2026-04-03 12:18:03,852 - sqlalchemy.engine.Engine - INFO - [raw sql] {}
2026-04-03 12:18:03,853 - sqlalchemy.engine.Engine - INFO - show standard_conforming_strings
2026-04-03 12:18:03,853 - sqlalchemy.engine.Engine - INFO - [raw sql] {}
2026-04-03 12:18:03,854 - sqlalchemy.engine.Engine - INFO - BEGIN (implicit)
2026-04-03 12:18:03,856 - sqlalchemy.engine.Engine - INFO - SELECT pg_catalog.pg_class.relname 
FROM pg_catalog.pg_class JOIN pg_catalog.pg_namespace ON pg_catalog.pg_namespace.oid = pg_catalog.pg_class.relnamespace 
WHERE pg_catalog.pg_class.relname = %(table_name)s AND pg_catalog.pg_class.relkind = ANY (ARRAY[%(param_1)s, %(param_2)s, %(param_3)s, %(param_4)s, %(param_5)s]) AND pg_catalog.pg_table_is_visible(pg_catalog.pg_class.oid) AND pg_catalog.pg_namespace.nspname != %(nspname_1)s
2026-04-03 12:18:03,857 - sqlalchemy.engine.Engine - INFO - [generated in 0.00043s] {'table_name': 'users', 'param_1': 'r', 'param_2': 'p', 'param_3': 'f', 'param_4': 'v', 'param_5': 'm', 'nspname_1': 'pg_catalog'}
2026-04-03 12:18:03,859 - sqlalchemy.engine.Engine - INFO - SELECT pg_catalog.pg_class.relname 
FROM pg_catalog.pg_class JOIN pg_catalog.pg_namespace ON pg_catalog.pg_namespace.oid = pg_catalog.pg_class.relnamespace 
WHERE pg_catalog.pg_class.relname = %(table_name)s AND pg_catalog.pg_class.relkind = ANY (ARRAY[%(param_1)s, %(param_2)s, %(param_3)s, %(param_4)s, %(param_5)s]) AND pg_catalog.pg_table_is_visible(pg_catalog.pg_class.oid) AND pg_catalog.pg_namespace.nspname != %(nspname_1)s
2026-04-03 12:18:03,859 - sqlalchemy.engine.Engine - INFO - [cached since 0.002872s ago] {'table_name': 'tasks', 'param_1': 'r', 'param_2': 'p', 'param_3': 'f', 'param_4': 'v', 'param_5': 'm', 'nspname_1': 'pg_catalog'}
2026-04-03 12:18:03,860 - sqlalchemy.engine.Engine - INFO - SELECT pg_catalog.pg_class.relname 
FROM pg_catalog.pg_class JOIN pg_catalog.pg_namespace ON pg_catalog.pg_namespace.oid = pg_catalog.pg_class.relnamespace 
WHERE pg_catalog.pg_class.relname = %(table_name)s AND pg_catalog.pg_class.relkind = ANY (ARRAY[%(param_1)s, %(param_2)s, %(param_3)s, %(param_4)s, %(param_5)s]) AND pg_catalog.pg_table_is_visible(pg_catalog.pg_class.oid) AND pg_catalog.pg_namespace.nspname != %(nspname_1)s
2026-04-03 12:18:03,860 - sqlalchemy.engine.Engine - INFO - [cached since 0.004194s ago] {'table_name': 'task_comments', 'param_1': 'r', 'param_2': 'p', 'param_3': 'f', 'param_4': 'v', 'param_5': 'm', 'nspname_1': 'pg_catalog'}
2026-04-03 12:18:03,861 - sqlalchemy.engine.Engine - INFO - SELECT pg_catalog.pg_class.relname 
FROM pg_catalog.pg_class JOIN pg_catalog.pg_namespace ON pg_catalog.pg_namespace.oid = pg_catalog.pg_class.relnamespace 
WHERE pg_catalog.pg_class.relname = %(table_name)s AND pg_catalog.pg_class.relkind = ANY (ARRAY[%(param_1)s, %(param_2)s, %(param_3)s, %(param_4)s, %(param_5)s]) AND pg_catalog.pg_table_is_visible(pg_catalog.pg_class.oid) AND pg_catalog.pg_namespace.nspname != %(nspname_1)s
2026-04-03 12:18:03,861 - sqlalchemy.engine.Engine - INFO - [cached since 0.005071s ago] {'table_name': 'audit_logs', 'param_1': 'r', 'param_2': 'p', 'param_3': 'f', 'param_4': 'v', 'param_5': 'm', 'nspname_1': 'pg_catalog'}
2026-04-03 12:18:03,862 - sqlalchemy.engine.Engine - INFO - SELECT pg_catalog.pg_class.relname 
FROM pg_catalog.pg_class JOIN pg_catalog.pg_namespace ON pg_catalog.pg_namespace.oid = pg_catalog.pg_class.relnamespace 
WHERE pg_catalog.pg_class.relname = %(table_name)s AND pg_catalog.pg_class.relkind = ANY (ARRAY[%(param_1)s, %(param_2)s, %(param_3)s, %(param_4)s, %(param_5)s]) AND pg_catalog.pg_table_is_visible(pg_catalog.pg_class.oid) AND pg_catalog.pg_namespace.nspname != %(nspname_1)s
2026-04-03 12:18:03,862 - sqlalchemy.engine.Engine - INFO - [cached since 0.005897s ago] {'table_name': 'companies', 'param_1': 'r', 'param_2': 'p', 'param_3': 'f', 'param_4': 'v', 'param_5': 'm', 'nspname_1': 'pg_catalog'}
2026-04-03 12:18:03,863 - sqlalchemy.engine.Engine - INFO - SELECT pg_catalog.pg_class.relname 
FROM pg_catalog.pg_class JOIN pg_catalog.pg_namespace ON pg_catalog.pg_namespace.oid = pg_catalog.pg_class.relnamespace 
WHERE pg_catalog.pg_class.relname = %(table_name)s AND pg_catalog.pg_class.relkind = ANY (ARRAY[%(param_1)s, %(param_2)s, %(param_3)s, %(param_4)s, %(param_5)s]) AND pg_catalog.pg_table_is_visible(pg_catalog.pg_class.oid) AND pg_catalog.pg_namespace.nspname != %(nspname_1)s
2026-04-03 12:18:03,863 - sqlalchemy.engine.Engine - INFO - [cached since 0.006636s ago] {'table_name': 'id_sequences', 'param_1': 'r', 'param_2': 'p', 'param_3': 'f', 'param_4': 'v', 'param_5': 'm', 'nspname_1': 'pg_catalog'}
2026-04-03 12:18:03,864 - sqlalchemy.engine.Engine - INFO - COMMIT
2026-04-03 13:26:22,402 - app.main - INFO - 🚀 NexusFlow AI API starting up...
2026-04-03 13:26:22,467 - alembic.runtime.plugins - INFO - setup plugin alembic.autogenerate.schemas
2026-04-03 13:26:22,467 - alembic.runtime.plugins - INFO - setup plugin alembic.autogenerate.tables
2026-04-03 13:26:22,468 - alembic.runtime.plugins - INFO - setup plugin alembic.autogenerate.types
2026-04-03 13:26:22,468 - alembic.runtime.plugins - INFO - setup plugin alembic.autogenerate.constraints
2026-04-03 13:26:22,468 - alembic.runtime.plugins - INFO - setup plugin alembic.autogenerate.defaults
2026-04-03 13:26:22,468 - alembic.runtime.plugins - INFO - setup plugin alembic.autogenerate.comments
2026-04-03 13:26:22,570 - sqlalchemy.engine.Engine - INFO - select pg_catalog.version()
2026-04-03 13:26:22,570 - sqlalchemy.engine.Engine - INFO - [raw sql] {}
2026-04-03 13:26:22,571 - sqlalchemy.engine.Engine - INFO - select current_schema()
2026-04-03 13:26:22,571 - sqlalchemy.engine.Engine - INFO - [raw sql] {}
2026-04-03 13:26:22,572 - sqlalchemy.engine.Engine - INFO - show standard_conforming_strings
2026-04-03 13:26:22,572 - sqlalchemy.engine.Engine - INFO - [raw sql] {}
2026-04-03 13:26:22,573 - sqlalchemy.engine.Engine - INFO - BEGIN (implicit)
2026-04-03 13:26:22,576 - sqlalchemy.engine.Engine - INFO - SELECT pg_catalog.pg_class.relname 
FROM pg_catalog.pg_class JOIN pg_catalog.pg_namespace ON pg_catalog.pg_namespace.oid = pg_catalog.pg_class.relnamespace 
WHERE pg_catalog.pg_class.relname = %(table_name)s AND pg_catalog.pg_class.relkind = ANY (ARRAY[%(param_1)s, %(param_2)s, %(param_3)s, %(param_4)s, %(param_5)s]) AND pg_catalog.pg_table_is_visible(pg_catalog.pg_class.oid) AND pg_catalog.pg_namespace.nspname != %(nspname_1)s
2026-04-03 13:26:22,576 - sqlalchemy.engine.Engine - INFO - [generated in 0.00049s] {'table_name': 'users', 'param_1': 'r', 'param_2': 'p', 'param_3': 'f', 'param_4': 'v', 'param_5': 'm', 'nspname_1': 'pg_catalog'}
2026-04-03 13:26:22,578 - sqlalchemy.engine.Engine - INFO - SELECT pg_catalog.pg_class.relname 
FROM pg_catalog.pg_class JOIN pg_catalog.pg_namespace ON pg_catalog.pg_namespace.oid = pg_catalog.pg_class.relnamespace 
WHERE pg_catalog.pg_class.relname = %(table_name)s AND pg_catalog.pg_class.relkind = ANY (ARRAY[%(param_1)s, %(param_2)s, %(param_3)s, %(param_4)s, %(param_5)s]) AND pg_catalog.pg_table_is_visible(pg_catalog.pg_class.oid) AND pg_catalog.pg_namespace.nspname != %(nspname_1)s
2026-04-03 13:26:22,578 - sqlalchemy.engine.Engine - INFO - [cached since 0.002302s ago] {'table_name': 'tasks', 'param_1': 'r', 'param_2': 'p', 'param_3': 'f', 'param_4': 'v', 'param_5': 'm', 'nspname_1': 'pg_catalog'}
2026-04-03 13:26:22,579 - sqlalchemy.engine.Engine - INFO - SELECT pg_catalog.pg_class.relname 
FROM pg_catalog.pg_class JOIN pg_catalog.pg_namespace ON pg_catalog.pg_namespace.oid = pg_catalog.pg_class.relnamespace 
WHERE pg_catalog.pg_class.relname = %(table_name)s AND pg_catalog.pg_class.relkind = ANY (ARRAY[%(param_1)s, %(param_2)s, %(param_3)s, %(param_4)s, %(param_5)s]) AND pg_catalog.pg_table_is_visible(pg_catalog.pg_class.oid) AND pg_catalog.pg_namespace.nspname != %(nspname_1)s
2026-04-03 13:26:22,579 - sqlalchemy.engine.Engine - INFO - [cached since 0.003185s ago] {'table_name': 'task_comments', 'param_1': 'r', 'param_2': 'p', 'param_3': 'f', 'param_4': 'v', 'param_5': 'm', 'nspname_1': 'pg_catalog'}
2026-04-03 13:26:22,580 - sqlalchemy.engine.Engine - INFO - SELECT pg_catalog.pg_class.relname 
FROM pg_catalog.pg_class JOIN pg_catalog.pg_namespace ON pg_catalog.pg_namespace.oid = pg_catalog.pg_class.relnamespace 
WHERE pg_catalog.pg_class.relname = %(table_name)s AND pg_catalog.pg_class.relkind = ANY (ARRAY[%(param_1)s, %(param_2)s, %(param_3)s, %(param_4)s, %(param_5)s]) AND pg_catalog.pg_table_is_visible(pg_catalog.pg_class.oid) AND pg_catalog.pg_namespace.nspname != %(nspname_1)s
2026-04-03 13:26:22,580 - sqlalchemy.engine.Engine - INFO - [cached since 0.003943s ago] {'table_name': 'audit_logs', 'param_1': 'r', 'param_2': 'p', 'param_3': 'f', 'param_4': 'v', 'param_5': 'm', 'nspname_1': 'pg_catalog'}
2026-04-03 13:26:22,580 - sqlalchemy.engine.Engine - INFO - SELECT pg_catalog.pg_class.relname 
FROM pg_catalog.pg_class JOIN pg_catalog.pg_namespace ON pg_catalog.pg_namespace.oid = pg_catalog.pg_class.relnamespace 
WHERE pg_catalog.pg_class.relname = %(table_name)s AND pg_catalog.pg_class.relkind = ANY (ARRAY[%(param_1)s, %(param_2)s, %(param_3)s, %(param_4)s, %(param_5)s]) AND pg_catalog.pg_table_is_visible(pg_catalog.pg_class.oid) AND pg_catalog.pg_namespace.nspname != %(nspname_1)s
2026-04-03 13:26:22,581 - sqlalchemy.engine.Engine - INFO - [cached since 0.004766s ago] {'table_name': 'companies', 'param_1': 'r', 'param_2': 'p', 'param_3': 'f', 'param_4': 'v', 'param_5': 'm', 'nspname_1': 'pg_catalog'}
2026-04-03 13:26:22,581 - sqlalchemy.engine.Engine - INFO - SELECT pg_catalog.pg_class.relname 
FROM pg_catalog.pg_class JOIN pg_catalog.pg_namespace ON pg_catalog.pg_namespace.oid = pg_catalog.pg_class.relnamespace 
WHERE pg_catalog.pg_class.relname = %(table_name)s AND pg_catalog.pg_class.relkind = ANY (ARRAY[%(param_1)s, %(param_2)s, %(param_3)s, %(param_4)s, %(param_5)s]) AND pg_catalog.pg_table_is_visible(pg_catalog.pg_class.oid) AND pg_catalog.pg_namespace.nspname != %(nspname_1)s
2026-04-03 13:26:22,582 - sqlalchemy.engine.Engine - INFO - [cached since 0.005677s ago] {'table_name': 'id_sequences', 'param_1': 'r', 'param_2': 'p', 'param_3': 'f', 'param_4': 'v', 'param_5': 'm', 'nspname_1': 'pg_catalog'}
2026-04-03 13:26:22,583 - sqlalchemy.engine.Engine - INFO - COMMIT
