2026-04-05 13:36:53,008 - app.main - INFO - 🚀 NexusFlow AI API starting up...
2026-04-05 13:36:53,109 - alembic.runtime.plugins - INFO - setup plugin alembic.autogenerate.schemas
2026-04-05 13:36:53,109 - alembic.runtime.plugins - INFO - setup plugin alembic.autogenerate.tables
2026-04-05 13:36:53,109 - alembic.runtime.plugins - INFO - setup plugin alembic.autogenerate.types
2026-04-05 13:36:53,110 - alembic.runtime.plugins - INFO - setup plugin alembic.autogenerate.constraints
2026-04-05 13:36:53,110 - alembic.runtime.plugins - INFO - setup plugin alembic.autogenerate.defaults
2026-04-05 13:36:53,110 - alembic.runtime.plugins - INFO - setup plugin alembic.autogenerate.comments
2026-04-05 13:36:53,371 - sqlalchemy.engine.Engine - INFO - select pg_catalog.version()
2026-04-05 13:36:53,371 - sqlalchemy.engine.Engine - INFO - [raw sql] {}
2026-04-05 13:36:53,373 - sqlalchemy.engine.Engine - INFO - select current_schema()
2026-04-05 13:36:53,373 - sqlalchemy.engine.Engine - INFO - [raw sql] {}
2026-04-05 13:36:53,374 - sqlalchemy.engine.Engine - INFO - show standard_conforming_strings
2026-04-05 13:36:53,374 - sqlalchemy.engine.Engine - INFO - [raw sql] {}
2026-04-05 13:36:53,375 - sqlalchemy.engine.Engine - INFO - BEGIN (implicit)
2026-04-05 13:36:53,377 - sqlalchemy.engine.Engine - INFO - SELECT pg_catalog.pg_class.relname 
FROM pg_catalog.pg_class JOIN pg_catalog.pg_namespace ON pg_catalog.pg_namespace.oid = pg_catalog.pg_class.relnamespace 
WHERE pg_catalog.pg_class.relname = %(table_name)s AND pg_catalog.pg_class.relkind = ANY (ARRAY[%(param_1)s, %(param_2)s, %(param_3)s, %(param_4)s, %(param_5)s]) AND pg_catalog.pg_table_is_visible(pg_catalog.pg_class.oid) AND pg_catalog.pg_namespace.nspname != %(nspname_1)s
2026-04-05 13:36:53,378 - sqlalchemy.engine.Engine - INFO - [generated in 0.00045s] {'table_name': 'users', 'param_1': 'r', 'param_2': 'p', 'param_3': 'f', 'param_4': 'v', 'param_5': 'm', 'nspname_1': 'pg_catalog'}
2026-04-05 13:36:53,382 - sqlalchemy.engine.Engine - INFO - SELECT pg_catalog.pg_class.relname 
FROM pg_catalog.pg_class JOIN pg_catalog.pg_namespace ON pg_catalog.pg_namespace.oid = pg_catalog.pg_class.relnamespace 
WHERE pg_catalog.pg_class.relname = %(table_name)s AND pg_catalog.pg_class.relkind = ANY (ARRAY[%(param_1)s, %(param_2)s, %(param_3)s, %(param_4)s, %(param_5)s]) AND pg_catalog.pg_table_is_visible(pg_catalog.pg_class.oid) AND pg_catalog.pg_namespace.nspname != %(nspname_1)s
2026-04-05 13:36:53,382 - sqlalchemy.engine.Engine - INFO - [cached since 0.004879s ago] {'table_name': 'tasks', 'param_1': 'r', 'param_2': 'p', 'param_3': 'f', 'param_4': 'v', 'param_5': 'm', 'nspname_1': 'pg_catalog'}
2026-04-05 13:36:53,383 - sqlalchemy.engine.Engine - INFO - SELECT pg_catalog.pg_class.relname 
FROM pg_catalog.pg_class JOIN pg_catalog.pg_namespace ON pg_catalog.pg_namespace.oid = pg_catalog.pg_class.relnamespace 
WHERE pg_catalog.pg_class.relname = %(table_name)s AND pg_catalog.pg_class.relkind = ANY (ARRAY[%(param_1)s, %(param_2)s, %(param_3)s, %(param_4)s, %(param_5)s]) AND pg_catalog.pg_table_is_visible(pg_catalog.pg_class.oid) AND pg_catalog.pg_namespace.nspname != %(nspname_1)s
2026-04-05 13:36:53,384 - sqlalchemy.engine.Engine - INFO - [cached since 0.006415s ago] {'table_name': 'task_comments', 'param_1': 'r', 'param_2': 'p', 'param_3': 'f', 'param_4': 'v', 'param_5': 'm', 'nspname_1': 'pg_catalog'}
2026-04-05 13:36:53,385 - sqlalchemy.engine.Engine - INFO - SELECT pg_catalog.pg_class.relname 
FROM pg_catalog.pg_class JOIN pg_catalog.pg_namespace ON pg_catalog.pg_namespace.oid = pg_catalog.pg_class.relnamespace 
WHERE pg_catalog.pg_class.relname = %(table_name)s AND pg_catalog.pg_class.relkind = ANY (ARRAY[%(param_1)s, %(param_2)s, %(param_3)s, %(param_4)s, %(param_5)s]) AND pg_catalog.pg_table_is_visible(pg_catalog.pg_class.oid) AND pg_catalog.pg_namespace.nspname != %(nspname_1)s
2026-04-05 13:36:53,385 - sqlalchemy.engine.Engine - INFO - [cached since 0.008093s ago] {'table_name': 'audit_logs', 'param_1': 'r', 'param_2': 'p', 'param_3': 'f', 'param_4': 'v', 'param_5': 'm', 'nspname_1': 'pg_catalog'}
2026-04-05 13:36:53,386 - sqlalchemy.engine.Engine - INFO - SELECT pg_catalog.pg_class.relname 
FROM pg_catalog.pg_class JOIN pg_catalog.pg_namespace ON pg_catalog.pg_namespace.oid = pg_catalog.pg_class.relnamespace 
WHERE pg_catalog.pg_class.relname = %(table_name)s AND pg_catalog.pg_class.relkind = ANY (ARRAY[%(param_1)s, %(param_2)s, %(param_3)s, %(param_4)s, %(param_5)s]) AND pg_catalog.pg_table_is_visible(pg_catalog.pg_class.oid) AND pg_catalog.pg_namespace.nspname != %(nspname_1)s
2026-04-05 13:36:53,387 - sqlalchemy.engine.Engine - INFO - [cached since 0.009565s ago] {'table_name': 'companies', 'param_1': 'r', 'param_2': 'p', 'param_3': 'f', 'param_4': 'v', 'param_5': 'm', 'nspname_1': 'pg_catalog'}
2026-04-05 13:36:53,388 - sqlalchemy.engine.Engine - INFO - SELECT pg_catalog.pg_class.relname 
FROM pg_catalog.pg_class JOIN pg_catalog.pg_namespace ON pg_catalog.pg_namespace.oid = pg_catalog.pg_class.relnamespace 
WHERE pg_catalog.pg_class.relname = %(table_name)s AND pg_catalog.pg_class.relkind = ANY (ARRAY[%(param_1)s, %(param_2)s, %(param_3)s, %(param_4)s, %(param_5)s]) AND pg_catalog.pg_table_is_visible(pg_catalog.pg_class.oid) AND pg_catalog.pg_namespace.nspname != %(nspname_1)s
2026-04-05 13:36:53,388 - sqlalchemy.engine.Engine - INFO - [cached since 0.01085s ago] {'table_name': 'id_sequences', 'param_1': 'r', 'param_2': 'p', 'param_3': 'f', 'param_4': 'v', 'param_5': 'm', 'nspname_1': 'pg_catalog'}
2026-04-05 13:36:53,389 - sqlalchemy.engine.Engine - INFO - COMMIT
2026-04-05 17:07:13,427 - app.main - INFO - 🚀 NexusFlow AI API starting up...
2026-04-05 17:07:13,533 - alembic.runtime.plugins - INFO - setup plugin alembic.autogenerate.schemas
2026-04-05 17:07:13,533 - alembic.runtime.plugins - INFO - setup plugin alembic.autogenerate.tables
2026-04-05 17:07:13,533 - alembic.runtime.plugins - INFO - setup plugin alembic.autogenerate.types
2026-04-05 17:07:13,534 - alembic.runtime.plugins - INFO - setup plugin alembic.autogenerate.constraints
2026-04-05 17:07:13,534 - alembic.runtime.plugins - INFO - setup plugin alembic.autogenerate.defaults
2026-04-05 17:07:13,534 - alembic.runtime.plugins - INFO - setup plugin alembic.autogenerate.comments
2026-04-05 17:07:13,673 - sqlalchemy.engine.Engine - INFO - select pg_catalog.version()
2026-04-05 17:07:13,674 - sqlalchemy.engine.Engine - INFO - [raw sql] {}
2026-04-05 17:07:13,677 - sqlalchemy.engine.Engine - INFO - select current_schema()
2026-04-05 17:07:13,677 - sqlalchemy.engine.Engine - INFO - [raw sql] {}
2026-04-05 17:07:13,680 - sqlalchemy.engine.Engine - INFO - show standard_conforming_strings
2026-04-05 17:07:13,681 - sqlalchemy.engine.Engine - INFO - [raw sql] {}
2026-04-05 17:07:13,681 - sqlalchemy.engine.Engine - INFO - BEGIN (implicit)
2026-04-05 17:07:13,685 - sqlalchemy.engine.Engine - INFO - SELECT pg_catalog.pg_class.relname 
FROM pg_catalog.pg_class JOIN pg_catalog.pg_namespace ON pg_catalog.pg_namespace.oid = pg_catalog.pg_class.relnamespace 
WHERE pg_catalog.pg_class.relname = %(table_name)s AND pg_catalog.pg_class.relkind = ANY (ARRAY[%(param_1)s, %(param_2)s, %(param_3)s, %(param_4)s, %(param_5)s]) AND pg_catalog.pg_table_is_visible(pg_catalog.pg_class.oid) AND pg_catalog.pg_namespace.nspname != %(nspname_1)s
2026-04-05 17:07:13,685 - sqlalchemy.engine.Engine - INFO - [generated in 0.00065s] {'table_name': 'users', 'param_1': 'r', 'param_2': 'p', 'param_3': 'f', 'param_4': 'v', 'param_5': 'm', 'nspname_1': 'pg_catalog'}
2026-04-05 17:07:13,690 - sqlalchemy.engine.Engine - INFO - SELECT pg_catalog.pg_class.relname 
FROM pg_catalog.pg_class JOIN pg_catalog.pg_namespace ON pg_catalog.pg_namespace.oid = pg_catalog.pg_class.relnamespace 
WHERE pg_catalog.pg_class.relname = %(table_name)s AND pg_catalog.pg_class.relkind = ANY (ARRAY[%(param_1)s, %(param_2)s, %(param_3)s, %(param_4)s, %(param_5)s]) AND pg_catalog.pg_table_is_visible(pg_catalog.pg_class.oid) AND pg_catalog.pg_namespace.nspname != %(nspname_1)s
2026-04-05 17:07:13,690 - sqlalchemy.engine.Engine - INFO - [cached since 0.005295s ago] {'table_name': 'tasks', 'param_1': 'r', 'param_2': 'p', 'param_3': 'f', 'param_4': 'v', 'param_5': 'm', 'nspname_1': 'pg_catalog'}
2026-04-05 17:07:13,691 - sqlalchemy.engine.Engine - INFO - SELECT pg_catalog.pg_class.relname 
FROM pg_catalog.pg_class JOIN pg_catalog.pg_namespace ON pg_catalog.pg_namespace.oid = pg_catalog.pg_class.relnamespace 
WHERE pg_catalog.pg_class.relname = %(table_name)s AND pg_catalog.pg_class.relkind = ANY (ARRAY[%(param_1)s, %(param_2)s, %(param_3)s, %(param_4)s, %(param_5)s]) AND pg_catalog.pg_table_is_visible(pg_catalog.pg_class.oid) AND pg_catalog.pg_namespace.nspname != %(nspname_1)s
2026-04-05 17:07:13,692 - sqlalchemy.engine.Engine - INFO - [cached since 0.007127s ago] {'table_name': 'task_comments', 'param_1': 'r', 'param_2': 'p', 'param_3': 'f', 'param_4': 'v', 'param_5': 'm', 'nspname_1': 'pg_catalog'}
2026-04-05 17:07:13,693 - sqlalchemy.engine.Engine - INFO - SELECT pg_catalog.pg_class.relname 
FROM pg_catalog.pg_class JOIN pg_catalog.pg_namespace ON pg_catalog.pg_namespace.oid = pg_catalog.pg_class.relnamespace 
WHERE pg_catalog.pg_class.relname = %(table_name)s AND pg_catalog.pg_class.relkind = ANY (ARRAY[%(param_1)s, %(param_2)s, %(param_3)s, %(param_4)s, %(param_5)s]) AND pg_catalog.pg_table_is_visible(pg_catalog.pg_class.oid) AND pg_catalog.pg_namespace.nspname != %(nspname_1)s
2026-04-05 17:07:13,693 - sqlalchemy.engine.Engine - INFO - [cached since 0.008491s ago] {'table_name': 'audit_logs', 'param_1': 'r', 'param_2': 'p', 'param_3': 'f', 'param_4': 'v', 'param_5': 'm', 'nspname_1': 'pg_catalog'}
2026-04-05 17:07:13,694 - sqlalchemy.engine.Engine - INFO - SELECT pg_catalog.pg_class.relname 
FROM pg_catalog.pg_class JOIN pg_catalog.pg_namespace ON pg_catalog.pg_namespace.oid = pg_catalog.pg_class.relnamespace 
WHERE pg_catalog.pg_class.relname = %(table_name)s AND pg_catalog.pg_class.relkind = ANY (ARRAY[%(param_1)s, %(param_2)s, %(param_3)s, %(param_4)s, %(param_5)s]) AND pg_catalog.pg_table_is_visible(pg_catalog.pg_class.oid) AND pg_catalog.pg_namespace.nspname != %(nspname_1)s
2026-04-05 17:07:13,694 - sqlalchemy.engine.Engine - INFO - [cached since 0.009698s ago] {'table_name': 'companies', 'param_1': 'r', 'param_2': 'p', 'param_3': 'f', 'param_4': 'v', 'param_5': 'm', 'nspname_1': 'pg_catalog'}
2026-04-05 17:07:13,695 - sqlalchemy.engine.Engine - INFO - SELECT pg_catalog.pg_class.relname 
FROM pg_catalog.pg_class JOIN pg_catalog.pg_namespace ON pg_catalog.pg_namespace.oid = pg_catalog.pg_class.relnamespace 
WHERE pg_catalog.pg_class.relname = %(table_name)s AND pg_catalog.pg_class.relkind = ANY (ARRAY[%(param_1)s, %(param_2)s, %(param_3)s, %(param_4)s, %(param_5)s]) AND pg_catalog.pg_table_is_visible(pg_catalog.pg_class.oid) AND pg_catalog.pg_namespace.nspname != %(nspname_1)s
2026-04-05 17:07:13,696 - sqlalchemy.engine.Engine - INFO - [cached since 0.0109s ago] {'table_name': 'id_sequences', 'param_1': 'r', 'param_2': 'p', 'param_3': 'f', 'param_4': 'v', 'param_5': 'm', 'nspname_1': 'pg_catalog'}
2026-04-05 17:07:13,697 - sqlalchemy.engine.Engine - INFO - COMMIT
