2026-04-01 17:42:34,881 - app.main - INFO - 🚀 NexusFlow AI API starting up...
2026-04-01 17:42:34,982 - alembic.runtime.plugins - INFO - setup plugin alembic.autogenerate.schemas
2026-04-01 17:42:34,983 - alembic.runtime.plugins - INFO - setup plugin alembic.autogenerate.tables
2026-04-01 17:42:34,983 - alembic.runtime.plugins - INFO - setup plugin alembic.autogenerate.types
2026-04-01 17:42:34,984 - alembic.runtime.plugins - INFO - setup plugin alembic.autogenerate.constraints
2026-04-01 17:42:34,984 - alembic.runtime.plugins - INFO - setup plugin alembic.autogenerate.defaults
2026-04-01 17:42:34,984 - alembic.runtime.plugins - INFO - setup plugin alembic.autogenerate.comments
2026-04-01 17:42:35,230 - sqlalchemy.engine.Engine - INFO - select pg_catalog.version()
2026-04-01 17:42:35,230 - sqlalchemy.engine.Engine - INFO - [raw sql] {}
2026-04-01 17:42:35,232 - sqlalchemy.engine.Engine - INFO - select current_schema()
2026-04-01 17:42:35,233 - sqlalchemy.engine.Engine - INFO - [raw sql] {}
2026-04-01 17:42:35,234 - sqlalchemy.engine.Engine - INFO - show standard_conforming_strings
2026-04-01 17:42:35,235 - sqlalchemy.engine.Engine - INFO - [raw sql] {}
2026-04-01 17:42:35,235 - sqlalchemy.engine.Engine - INFO - BEGIN (implicit)
2026-04-01 17:42:35,238 - sqlalchemy.engine.Engine - INFO - SELECT pg_catalog.pg_class.relname 
FROM pg_catalog.pg_class JOIN pg_catalog.pg_namespace ON pg_catalog.pg_namespace.oid = pg_catalog.pg_class.relnamespace 
WHERE pg_catalog.pg_class.relname = %(table_name)s AND pg_catalog.pg_class.relkind = ANY (ARRAY[%(param_1)s, %(param_2)s, %(param_3)s, %(param_4)s, %(param_5)s]) AND pg_catalog.pg_table_is_visible(pg_catalog.pg_class.oid) AND pg_catalog.pg_namespace.nspname != %(nspname_1)s
2026-04-01 17:42:35,239 - sqlalchemy.engine.Engine - INFO - [generated in 0.00057s] {'table_name': 'users', 'param_1': 'r', 'param_2': 'p', 'param_3': 'f', 'param_4': 'v', 'param_5': 'm', 'nspname_1': 'pg_catalog'}
2026-04-01 17:42:35,243 - sqlalchemy.engine.Engine - INFO - SELECT pg_catalog.pg_class.relname 
FROM pg_catalog.pg_class JOIN pg_catalog.pg_namespace ON pg_catalog.pg_namespace.oid = pg_catalog.pg_class.relnamespace 
WHERE pg_catalog.pg_class.relname = %(table_name)s AND pg_catalog.pg_class.relkind = ANY (ARRAY[%(param_1)s, %(param_2)s, %(param_3)s, %(param_4)s, %(param_5)s]) AND pg_catalog.pg_table_is_visible(pg_catalog.pg_class.oid) AND pg_catalog.pg_namespace.nspname != %(nspname_1)s
2026-04-01 17:42:35,244 - sqlalchemy.engine.Engine - INFO - [cached since 0.005865s ago] {'table_name': 'tasks', 'param_1': 'r', 'param_2': 'p', 'param_3': 'f', 'param_4': 'v', 'param_5': 'm', 'nspname_1': 'pg_catalog'}
2026-04-01 17:42:35,245 - sqlalchemy.engine.Engine - INFO - SELECT pg_catalog.pg_class.relname 
FROM pg_catalog.pg_class JOIN pg_catalog.pg_namespace ON pg_catalog.pg_namespace.oid = pg_catalog.pg_class.relnamespace 
WHERE pg_catalog.pg_class.relname = %(table_name)s AND pg_catalog.pg_class.relkind = ANY (ARRAY[%(param_1)s, %(param_2)s, %(param_3)s, %(param_4)s, %(param_5)s]) AND pg_catalog.pg_table_is_visible(pg_catalog.pg_class.oid) AND pg_catalog.pg_namespace.nspname != %(nspname_1)s
2026-04-01 17:42:35,245 - sqlalchemy.engine.Engine - INFO - [cached since 0.007166s ago] {'table_name': 'task_comments', 'param_1': 'r', 'param_2': 'p', 'param_3': 'f', 'param_4': 'v', 'param_5': 'm', 'nspname_1': 'pg_catalog'}
2026-04-01 17:42:35,246 - sqlalchemy.engine.Engine - INFO - SELECT pg_catalog.pg_class.relname 
FROM pg_catalog.pg_class JOIN pg_catalog.pg_namespace ON pg_catalog.pg_namespace.oid = pg_catalog.pg_class.relnamespace 
WHERE pg_catalog.pg_class.relname = %(table_name)s AND pg_catalog.pg_class.relkind = ANY (ARRAY[%(param_1)s, %(param_2)s, %(param_3)s, %(param_4)s, %(param_5)s]) AND pg_catalog.pg_table_is_visible(pg_catalog.pg_class.oid) AND pg_catalog.pg_namespace.nspname != %(nspname_1)s
2026-04-01 17:42:35,246 - sqlalchemy.engine.Engine - INFO - [cached since 0.008502s ago] {'table_name': 'audit_logs', 'param_1': 'r', 'param_2': 'p', 'param_3': 'f', 'param_4': 'v', 'param_5': 'm', 'nspname_1': 'pg_catalog'}
2026-04-01 17:42:35,247 - sqlalchemy.engine.Engine - INFO - SELECT pg_catalog.pg_class.relname 
FROM pg_catalog.pg_class JOIN pg_catalog.pg_namespace ON pg_catalog.pg_namespace.oid = pg_catalog.pg_class.relnamespace 
WHERE pg_catalog.pg_class.relname = %(table_name)s AND pg_catalog.pg_class.relkind = ANY (ARRAY[%(param_1)s, %(param_2)s, %(param_3)s, %(param_4)s, %(param_5)s]) AND pg_catalog.pg_table_is_visible(pg_catalog.pg_class.oid) AND pg_catalog.pg_namespace.nspname != %(nspname_1)s
2026-04-01 17:42:35,248 - sqlalchemy.engine.Engine - INFO - [cached since 0.009608s ago] {'table_name': 'companies', 'param_1': 'r', 'param_2': 'p', 'param_3': 'f', 'param_4': 'v', 'param_5': 'm', 'nspname_1': 'pg_catalog'}
2026-04-01 17:42:35,248 - sqlalchemy.engine.Engine - INFO - SELECT pg_catalog.pg_class.relname 
FROM pg_catalog.pg_class JOIN pg_catalog.pg_namespace ON pg_catalog.pg_namespace.oid = pg_catalog.pg_class.relnamespace 
WHERE pg_catalog.pg_class.relname = %(table_name)s AND pg_catalog.pg_class.relkind = ANY (ARRAY[%(param_1)s, %(param_2)s, %(param_3)s, %(param_4)s, %(param_5)s]) AND pg_catalog.pg_table_is_visible(pg_catalog.pg_class.oid) AND pg_catalog.pg_namespace.nspname != %(nspname_1)s
2026-04-01 17:42:35,249 - sqlalchemy.engine.Engine - INFO - [cached since 0.01058s ago] {'table_name': 'id_sequences', 'param_1': 'r', 'param_2': 'p', 'param_3': 'f', 'param_4': 'v', 'param_5': 'm', 'nspname_1': 'pg_catalog'}
2026-04-01 17:42:35,249 - sqlalchemy.engine.Engine - INFO - COMMIT
2026-04-01 20:54:57,989 - app.main - INFO - 🚀 NexusFlow AI API starting up...
2026-04-01 20:54:58,080 - alembic.runtime.plugins - INFO - setup plugin alembic.autogenerate.schemas
2026-04-01 20:54:58,080 - alembic.runtime.plugins - INFO - setup plugin alembic.autogenerate.tables
2026-04-01 20:54:58,080 - alembic.runtime.plugins - INFO - setup plugin alembic.autogenerate.types
2026-04-01 20:54:58,080 - alembic.runtime.plugins - INFO - setup plugin alembic.autogenerate.constraints
2026-04-01 20:54:58,081 - alembic.runtime.plugins - INFO - setup plugin alembic.autogenerate.defaults
2026-04-01 20:54:58,081 - alembic.runtime.plugins - INFO - setup plugin alembic.autogenerate.comments
2026-04-01 20:54:58,177 - sqlalchemy.engine.Engine - INFO - select pg_catalog.version()
2026-04-01 20:54:58,177 - sqlalchemy.engine.Engine - INFO - [raw sql] {}
2026-04-01 20:54:58,178 - sqlalchemy.engine.Engine - INFO - select current_schema()
2026-04-01 20:54:58,179 - sqlalchemy.engine.Engine - INFO - [raw sql] {}
2026-04-01 20:54:58,179 - sqlalchemy.engine.Engine - INFO - show standard_conforming_strings
2026-04-01 20:54:58,180 - sqlalchemy.engine.Engine - INFO - [raw sql] {}
2026-04-01 20:54:58,180 - sqlalchemy.engine.Engine - INFO - BEGIN (implicit)
2026-04-01 20:54:58,183 - sqlalchemy.engine.Engine - INFO - SELECT pg_catalog.pg_class.relname 
FROM pg_catalog.pg_class JOIN pg_catalog.pg_namespace ON pg_catalog.pg_namespace.oid = pg_catalog.pg_class.relnamespace 
WHERE pg_catalog.pg_class.relname = %(table_name)s AND pg_catalog.pg_class.relkind = ANY (ARRAY[%(param_1)s, %(param_2)s, %(param_3)s, %(param_4)s, %(param_5)s]) AND pg_catalog.pg_table_is_visible(pg_catalog.pg_class.oid) AND pg_catalog.pg_namespace.nspname != %(nspname_1)s
2026-04-01 20:54:58,183 - sqlalchemy.engine.Engine - INFO - [generated in 0.00037s] {'table_name': 'users', 'param_1': 'r', 'param_2': 'p', 'param_3': 'f', 'param_4': 'v', 'param_5': 'm', 'nspname_1': 'pg_catalog'}
2026-04-01 20:54:58,185 - sqlalchemy.engine.Engine - INFO - SELECT pg_catalog.pg_class.relname 
FROM pg_catalog.pg_class JOIN pg_catalog.pg_namespace ON pg_catalog.pg_namespace.oid = pg_catalog.pg_class.relnamespace 
WHERE pg_catalog.pg_class.relname = %(table_name)s AND pg_catalog.pg_class.relkind = ANY (ARRAY[%(param_1)s, %(param_2)s, %(param_3)s, %(param_4)s, %(param_5)s]) AND pg_catalog.pg_table_is_visible(pg_catalog.pg_class.oid) AND pg_catalog.pg_namespace.nspname != %(nspname_1)s
2026-04-01 20:54:58,185 - sqlalchemy.engine.Engine - INFO - [cached since 0.002715s ago] {'table_name': 'tasks', 'param_1': 'r', 'param_2': 'p', 'param_3': 'f', 'param_4': 'v', 'param_5': 'm', 'nspname_1': 'pg_catalog'}
2026-04-01 20:54:58,186 - sqlalchemy.engine.Engine - INFO - SELECT pg_catalog.pg_class.relname 
FROM pg_catalog.pg_class JOIN pg_catalog.pg_namespace ON pg_catalog.pg_namespace.oid = pg_catalog.pg_class.relnamespace 
WHERE pg_catalog.pg_class.relname = %(table_name)s AND pg_catalog.pg_class.relkind = ANY (ARRAY[%(param_1)s, %(param_2)s, %(param_3)s, %(param_4)s, %(param_5)s]) AND pg_catalog.pg_table_is_visible(pg_catalog.pg_class.oid) AND pg_catalog.pg_namespace.nspname != %(nspname_1)s
2026-04-01 20:54:58,187 - sqlalchemy.engine.Engine - INFO - [cached since 0.003873s ago] {'table_name': 'task_comments', 'param_1': 'r', 'param_2': 'p', 'param_3': 'f', 'param_4': 'v', 'param_5': 'm', 'nspname_1': 'pg_catalog'}
2026-04-01 20:54:58,187 - sqlalchemy.engine.Engine - INFO - SELECT pg_catalog.pg_class.relname 
FROM pg_catalog.pg_class JOIN pg_catalog.pg_namespace ON pg_catalog.pg_namespace.oid = pg_catalog.pg_class.relnamespace 
WHERE pg_catalog.pg_class.relname = %(table_name)s AND pg_catalog.pg_class.relkind = ANY (ARRAY[%(param_1)s, %(param_2)s, %(param_3)s, %(param_4)s, %(param_5)s]) AND pg_catalog.pg_table_is_visible(pg_catalog.pg_class.oid) AND pg_catalog.pg_namespace.nspname != %(nspname_1)s
2026-04-01 20:54:58,187 - sqlalchemy.engine.Engine - INFO - [cached since 0.0047s ago] {'table_name': 'audit_logs', 'param_1': 'r', 'param_2': 'p', 'param_3': 'f', 'param_4': 'v', 'param_5': 'm', 'nspname_1': 'pg_catalog'}
2026-04-01 20:54:58,188 - sqlalchemy.engine.Engine - INFO - SELECT pg_catalog.pg_class.relname 
FROM pg_catalog.pg_class JOIN pg_catalog.pg_namespace ON pg_catalog.pg_namespace.oid = pg_catalog.pg_class.relnamespace 
WHERE pg_catalog.pg_class.relname = %(table_name)s AND pg_catalog.pg_class.relkind = ANY (ARRAY[%(param_1)s, %(param_2)s, %(param_3)s, %(param_4)s, %(param_5)s]) AND pg_catalog.pg_table_is_visible(pg_catalog.pg_class.oid) AND pg_catalog.pg_namespace.nspname != %(nspname_1)s
2026-04-01 20:54:58,188 - sqlalchemy.engine.Engine - INFO - [cached since 0.005485s ago] {'table_name': 'companies', 'param_1': 'r', 'param_2': 'p', 'param_3': 'f', 'param_4': 'v', 'param_5': 'm', 'nspname_1': 'pg_catalog'}
2026-04-01 20:54:58,189 - sqlalchemy.engine.Engine - INFO - SELECT pg_catalog.pg_class.relname 
FROM pg_catalog.pg_class JOIN pg_catalog.pg_namespace ON pg_catalog.pg_namespace.oid = pg_catalog.pg_class.relnamespace 
WHERE pg_catalog.pg_class.relname = %(table_name)s AND pg_catalog.pg_class.relkind = ANY (ARRAY[%(param_1)s, %(param_2)s, %(param_3)s, %(param_4)s, %(param_5)s]) AND pg_catalog.pg_table_is_visible(pg_catalog.pg_class.oid) AND pg_catalog.pg_namespace.nspname != %(nspname_1)s
2026-04-01 20:54:58,189 - sqlalchemy.engine.Engine - INFO - [cached since 0.006277s ago] {'table_name': 'id_sequences', 'param_1': 'r', 'param_2': 'p', 'param_3': 'f', 'param_4': 'v', 'param_5': 'm', 'nspname_1': 'pg_catalog'}
2026-04-01 20:54:58,190 - sqlalchemy.engine.Engine - INFO - COMMIT
2026-04-01 20:55:08,942 - app.main - INFO - 🚀 NexusFlow AI API starting up...
2026-04-01 20:55:09,033 - alembic.runtime.plugins - INFO - setup plugin alembic.autogenerate.schemas
2026-04-01 20:55:09,033 - alembic.runtime.plugins - INFO - setup plugin alembic.autogenerate.tables
2026-04-01 20:55:09,033 - alembic.runtime.plugins - INFO - setup plugin alembic.autogenerate.types
2026-04-01 20:55:09,033 - alembic.runtime.plugins - INFO - setup plugin alembic.autogenerate.constraints
2026-04-01 20:55:09,033 - alembic.runtime.plugins - INFO - setup plugin alembic.autogenerate.defaults
2026-04-01 20:55:09,033 - alembic.runtime.plugins - INFO - setup plugin alembic.autogenerate.comments
2026-04-01 20:55:09,134 - sqlalchemy.engine.Engine - INFO - select pg_catalog.version()
2026-04-01 20:55:09,134 - sqlalchemy.engine.Engine - INFO - [raw sql] {}
2026-04-01 20:55:09,135 - sqlalchemy.engine.Engine - INFO - select current_schema()
2026-04-01 20:55:09,135 - sqlalchemy.engine.Engine - INFO - [raw sql] {}
2026-04-01 20:55:09,136 - sqlalchemy.engine.Engine - INFO - show standard_conforming_strings
2026-04-01 20:55:09,136 - sqlalchemy.engine.Engine - INFO - [raw sql] {}
2026-04-01 20:55:09,137 - sqlalchemy.engine.Engine - INFO - BEGIN (implicit)
2026-04-01 20:55:09,140 - sqlalchemy.engine.Engine - INFO - SELECT pg_catalog.pg_class.relname 
FROM pg_catalog.pg_class JOIN pg_catalog.pg_namespace ON pg_catalog.pg_namespace.oid = pg_catalog.pg_class.relnamespace 
WHERE pg_catalog.pg_class.relname = %(table_name)s AND pg_catalog.pg_class.relkind = ANY (ARRAY[%(param_1)s, %(param_2)s, %(param_3)s, %(param_4)s, %(param_5)s]) AND pg_catalog.pg_table_is_visible(pg_catalog.pg_class.oid) AND pg_catalog.pg_namespace.nspname != %(nspname_1)s
2026-04-01 20:55:09,140 - sqlalchemy.engine.Engine - INFO - [generated in 0.00042s] {'table_name': 'users', 'param_1': 'r', 'param_2': 'p', 'param_3': 'f', 'param_4': 'v', 'param_5': 'm', 'nspname_1': 'pg_catalog'}
2026-04-01 20:55:09,142 - sqlalchemy.engine.Engine - INFO - SELECT pg_catalog.pg_class.relname 
FROM pg_catalog.pg_class JOIN pg_catalog.pg_namespace ON pg_catalog.pg_namespace.oid = pg_catalog.pg_class.relnamespace 
WHERE pg_catalog.pg_class.relname = %(table_name)s AND pg_catalog.pg_class.relkind = ANY (ARRAY[%(param_1)s, %(param_2)s, %(param_3)s, %(param_4)s, %(param_5)s]) AND pg_catalog.pg_table_is_visible(pg_catalog.pg_class.oid) AND pg_catalog.pg_namespace.nspname != %(nspname_1)s
2026-04-01 20:55:09,142 - sqlalchemy.engine.Engine - INFO - [cached since 0.002322s ago] {'table_name': 'tasks', 'param_1': 'r', 'param_2': 'p', 'param_3': 'f', 'param_4': 'v', 'param_5': 'm', 'nspname_1': 'pg_catalog'}
2026-04-01 20:55:09,143 - sqlalchemy.engine.Engine - INFO - SELECT pg_catalog.pg_class.relname 
FROM pg_catalog.pg_class JOIN pg_catalog.pg_namespace ON pg_catalog.pg_namespace.oid = pg_catalog.pg_class.relnamespace 
WHERE pg_catalog.pg_class.relname = %(table_name)s AND pg_catalog.pg_class.relkind = ANY (ARRAY[%(param_1)s, %(param_2)s, %(param_3)s, %(param_4)s, %(param_5)s]) AND pg_catalog.pg_table_is_visible(pg_catalog.pg_class.oid) AND pg_catalog.pg_namespace.nspname != %(nspname_1)s
2026-04-01 20:55:09,143 - sqlalchemy.engine.Engine - INFO - [cached since 0.003446s ago] {'table_name': 'task_comments', 'param_1': 'r', 'param_2': 'p', 'param_3': 'f', 'param_4': 'v', 'param_5': 'm', 'nspname_1': 'pg_catalog'}
2026-04-01 20:55:09,144 - sqlalchemy.engine.Engine - INFO - SELECT pg_catalog.pg_class.relname 
FROM pg_catalog.pg_class JOIN pg_catalog.pg_namespace ON pg_catalog.pg_namespace.oid = pg_catalog.pg_class.relnamespace 
WHERE pg_catalog.pg_class.relname = %(table_name)s AND pg_catalog.pg_class.relkind = ANY (ARRAY[%(param_1)s, %(param_2)s, %(param_3)s, %(param_4)s, %(param_5)s]) AND pg_catalog.pg_table_is_visible(pg_catalog.pg_class.oid) AND pg_catalog.pg_namespace.nspname != %(nspname_1)s
2026-04-01 20:55:09,144 - sqlalchemy.engine.Engine - INFO - [cached since 0.00448s ago] {'table_name': 'audit_logs', 'param_1': 'r', 'param_2': 'p', 'param_3': 'f', 'param_4': 'v', 'param_5': 'm', 'nspname_1': 'pg_catalog'}
2026-04-01 20:55:09,145 - sqlalchemy.engine.Engine - INFO - SELECT pg_catalog.pg_class.relname 
FROM pg_catalog.pg_class JOIN pg_catalog.pg_namespace ON pg_catalog.pg_namespace.oid = pg_catalog.pg_class.relnamespace 
WHERE pg_catalog.pg_class.relname = %(table_name)s AND pg_catalog.pg_class.relkind = ANY (ARRAY[%(param_1)s, %(param_2)s, %(param_3)s, %(param_4)s, %(param_5)s]) AND pg_catalog.pg_table_is_visible(pg_catalog.pg_class.oid) AND pg_catalog.pg_namespace.nspname != %(nspname_1)s
2026-04-01 20:55:09,145 - sqlalchemy.engine.Engine - INFO - [cached since 0.005571s ago] {'table_name': 'companies', 'param_1': 'r', 'param_2': 'p', 'param_3': 'f', 'param_4': 'v', 'param_5': 'm', 'nspname_1': 'pg_catalog'}
2026-04-01 20:55:09,146 - sqlalchemy.engine.Engine - INFO - SELECT pg_catalog.pg_class.relname 
FROM pg_catalog.pg_class JOIN pg_catalog.pg_namespace ON pg_catalog.pg_namespace.oid = pg_catalog.pg_class.relnamespace 
WHERE pg_catalog.pg_class.relname = %(table_name)s AND pg_catalog.pg_class.relkind = ANY (ARRAY[%(param_1)s, %(param_2)s, %(param_3)s, %(param_4)s, %(param_5)s]) AND pg_catalog.pg_table_is_visible(pg_catalog.pg_class.oid) AND pg_catalog.pg_namespace.nspname != %(nspname_1)s
2026-04-01 20:55:09,146 - sqlalchemy.engine.Engine - INFO - [cached since 0.006494s ago] {'table_name': 'id_sequences', 'param_1': 'r', 'param_2': 'p', 'param_3': 'f', 'param_4': 'v', 'param_5': 'm', 'nspname_1': 'pg_catalog'}
2026-04-01 20:55:09,147 - sqlalchemy.engine.Engine - INFO - COMMIT
2026-04-01 20:55:10,890 - app.main - INFO - 🚀 NexusFlow AI API starting up...
2026-04-01 20:55:10,951 - alembic.runtime.plugins - INFO - setup plugin alembic.autogenerate.schemas
2026-04-01 20:55:10,952 - alembic.runtime.plugins - INFO - setup plugin alembic.autogenerate.tables
2026-04-01 20:55:10,952 - alembic.runtime.plugins - INFO - setup plugin alembic.autogenerate.types
2026-04-01 20:55:10,952 - alembic.runtime.plugins - INFO - setup plugin alembic.autogenerate.constraints
2026-04-01 20:55:10,952 - alembic.runtime.plugins - INFO - setup plugin alembic.autogenerate.defaults
2026-04-01 20:55:10,953 - alembic.runtime.plugins - INFO - setup plugin alembic.autogenerate.comments
2026-04-01 20:55:11,047 - sqlalchemy.engine.Engine - INFO - select pg_catalog.version()
2026-04-01 20:55:11,048 - sqlalchemy.engine.Engine - INFO - [raw sql] {}
2026-04-01 20:55:11,049 - sqlalchemy.engine.Engine - INFO - select current_schema()
2026-04-01 20:55:11,049 - sqlalchemy.engine.Engine - INFO - [raw sql] {}
2026-04-01 20:55:11,050 - sqlalchemy.engine.Engine - INFO - show standard_conforming_strings
2026-04-01 20:55:11,051 - sqlalchemy.engine.Engine - INFO - [raw sql] {}
2026-04-01 20:55:11,051 - sqlalchemy.engine.Engine - INFO - BEGIN (implicit)
2026-04-01 20:55:11,054 - sqlalchemy.engine.Engine - INFO - SELECT pg_catalog.pg_class.relname 
FROM pg_catalog.pg_class JOIN pg_catalog.pg_namespace ON pg_catalog.pg_namespace.oid = pg_catalog.pg_class.relnamespace 
WHERE pg_catalog.pg_class.relname = %(table_name)s AND pg_catalog.pg_class.relkind = ANY (ARRAY[%(param_1)s, %(param_2)s, %(param_3)s, %(param_4)s, %(param_5)s]) AND pg_catalog.pg_table_is_visible(pg_catalog.pg_class.oid) AND pg_catalog.pg_namespace.nspname != %(nspname_1)s
2026-04-01 20:55:11,054 - sqlalchemy.engine.Engine - INFO - [generated in 0.00038s] {'table_name': 'users', 'param_1': 'r', 'param_2': 'p', 'param_3': 'f', 'param_4': 'v', 'param_5': 'm', 'nspname_1': 'pg_catalog'}
2026-04-01 20:55:11,056 - sqlalchemy.engine.Engine - INFO - SELECT pg_catalog.pg_class.relname 
FROM pg_catalog.pg_class JOIN pg_catalog.pg_namespace ON pg_catalog.pg_namespace.oid = pg_catalog.pg_class.relnamespace 
WHERE pg_catalog.pg_class.relname = %(table_name)s AND pg_catalog.pg_class.relkind = ANY (ARRAY[%(param_1)s, %(param_2)s, %(param_3)s, %(param_4)s, %(param_5)s]) AND pg_catalog.pg_table_is_visible(pg_catalog.pg_class.oid) AND pg_catalog.pg_namespace.nspname != %(nspname_1)s
2026-04-01 20:55:11,056 - sqlalchemy.engine.Engine - INFO - [cached since 0.002307s ago] {'table_name': 'tasks', 'param_1': 'r', 'param_2': 'p', 'param_3': 'f', 'param_4': 'v', 'param_5': 'm', 'nspname_1': 'pg_catalog'}
2026-04-01 20:55:11,057 - sqlalchemy.engine.Engine - INFO - SELECT pg_catalog.pg_class.relname 
FROM pg_catalog.pg_class JOIN pg_catalog.pg_namespace ON pg_catalog.pg_namespace.oid = pg_catalog.pg_class.relnamespace 
WHERE pg_catalog.pg_class.relname = %(table_name)s AND pg_catalog.pg_class.relkind = ANY (ARRAY[%(param_1)s, %(param_2)s, %(param_3)s, %(param_4)s, %(param_5)s]) AND pg_catalog.pg_table_is_visible(pg_catalog.pg_class.oid) AND pg_catalog.pg_namespace.nspname != %(nspname_1)s
2026-04-01 20:55:11,057 - sqlalchemy.engine.Engine - INFO - [cached since 0.003191s ago] {'table_name': 'task_comments', 'param_1': 'r', 'param_2': 'p', 'param_3': 'f', 'param_4': 'v', 'param_5': 'm', 'nspname_1': 'pg_catalog'}
2026-04-01 20:55:11,058 - sqlalchemy.engine.Engine - INFO - SELECT pg_catalog.pg_class.relname 
FROM pg_catalog.pg_class JOIN pg_catalog.pg_namespace ON pg_catalog.pg_namespace.oid = pg_catalog.pg_class.relnamespace 
WHERE pg_catalog.pg_class.relname = %(table_name)s AND pg_catalog.pg_class.relkind = ANY (ARRAY[%(param_1)s, %(param_2)s, %(param_3)s, %(param_4)s, %(param_5)s]) AND pg_catalog.pg_table_is_visible(pg_catalog.pg_class.oid) AND pg_catalog.pg_namespace.nspname != %(nspname_1)s
2026-04-01 20:55:11,058 - sqlalchemy.engine.Engine - INFO - [cached since 0.004094s ago] {'table_name': 'audit_logs', 'param_1': 'r', 'param_2': 'p', 'param_3': 'f', 'param_4': 'v', 'param_5': 'm', 'nspname_1': 'pg_catalog'}
2026-04-01 20:55:11,058 - sqlalchemy.engine.Engine - INFO - SELECT pg_catalog.pg_class.relname 
FROM pg_catalog.pg_class JOIN pg_catalog.pg_namespace ON pg_catalog.pg_namespace.oid = pg_catalog.pg_class.relnamespace 
WHERE pg_catalog.pg_class.relname = %(table_name)s AND pg_catalog.pg_class.relkind = ANY (ARRAY[%(param_1)s, %(param_2)s, %(param_3)s, %(param_4)s, %(param_5)s]) AND pg_catalog.pg_table_is_visible(pg_catalog.pg_class.oid) AND pg_catalog.pg_namespace.nspname != %(nspname_1)s
2026-04-01 20:55:11,059 - sqlalchemy.engine.Engine - INFO - [cached since 0.004853s ago] {'table_name': 'companies', 'param_1': 'r', 'param_2': 'p', 'param_3': 'f', 'param_4': 'v', 'param_5': 'm', 'nspname_1': 'pg_catalog'}
2026-04-01 20:55:11,059 - sqlalchemy.engine.Engine - INFO - SELECT pg_catalog.pg_class.relname 
FROM pg_catalog.pg_class JOIN pg_catalog.pg_namespace ON pg_catalog.pg_namespace.oid = pg_catalog.pg_class.relnamespace 
WHERE pg_catalog.pg_class.relname = %(table_name)s AND pg_catalog.pg_class.relkind = ANY (ARRAY[%(param_1)s, %(param_2)s, %(param_3)s, %(param_4)s, %(param_5)s]) AND pg_catalog.pg_table_is_visible(pg_catalog.pg_class.oid) AND pg_catalog.pg_namespace.nspname != %(nspname_1)s
2026-04-01 20:55:11,059 - sqlalchemy.engine.Engine - INFO - [cached since 0.005618s ago] {'table_name': 'id_sequences', 'param_1': 'r', 'param_2': 'p', 'param_3': 'f', 'param_4': 'v', 'param_5': 'm', 'nspname_1': 'pg_catalog'}
2026-04-01 20:55:11,060 - sqlalchemy.engine.Engine - INFO - COMMIT
2026-04-01 21:17:00,525 - app.main - INFO - 🚀 NexusFlow AI API starting up...
2026-04-01 21:17:00,692 - alembic.runtime.plugins - INFO - setup plugin alembic.autogenerate.schemas
2026-04-01 21:17:00,693 - alembic.runtime.plugins - INFO - setup plugin alembic.autogenerate.tables
2026-04-01 21:17:00,693 - alembic.runtime.plugins - INFO - setup plugin alembic.autogenerate.types
2026-04-01 21:17:00,693 - alembic.runtime.plugins - INFO - setup plugin alembic.autogenerate.constraints
2026-04-01 21:17:00,693 - alembic.runtime.plugins - INFO - setup plugin alembic.autogenerate.defaults
2026-04-01 21:17:00,693 - alembic.runtime.plugins - INFO - setup plugin alembic.autogenerate.comments
2026-04-01 21:17:00,941 - sqlalchemy.engine.Engine - INFO - select pg_catalog.version()
2026-04-01 21:17:00,942 - sqlalchemy.engine.Engine - INFO - [raw sql] {}
2026-04-01 21:17:00,943 - sqlalchemy.engine.Engine - INFO - select current_schema()
2026-04-01 21:17:00,943 - sqlalchemy.engine.Engine - INFO - [raw sql] {}
2026-04-01 21:17:00,943 - sqlalchemy.engine.Engine - INFO - show standard_conforming_strings
2026-04-01 21:17:00,944 - sqlalchemy.engine.Engine - INFO - [raw sql] {}
2026-04-01 21:17:00,944 - sqlalchemy.engine.Engine - INFO - BEGIN (implicit)
2026-04-01 21:17:00,947 - sqlalchemy.engine.Engine - INFO - SELECT pg_catalog.pg_class.relname 
FROM pg_catalog.pg_class JOIN pg_catalog.pg_namespace ON pg_catalog.pg_namespace.oid = pg_catalog.pg_class.relnamespace 
WHERE pg_catalog.pg_class.relname = %(table_name)s AND pg_catalog.pg_class.relkind = ANY (ARRAY[%(param_1)s, %(param_2)s, %(param_3)s, %(param_4)s, %(param_5)s]) AND pg_catalog.pg_table_is_visible(pg_catalog.pg_class.oid) AND pg_catalog.pg_namespace.nspname != %(nspname_1)s
2026-04-01 21:17:00,947 - sqlalchemy.engine.Engine - INFO - [generated in 0.00042s] {'table_name': 'users', 'param_1': 'r', 'param_2': 'p', 'param_3': 'f', 'param_4': 'v', 'param_5': 'm', 'nspname_1': 'pg_catalog'}
2026-04-01 21:17:00,949 - sqlalchemy.engine.Engine - INFO - SELECT pg_catalog.pg_class.relname 
FROM pg_catalog.pg_class JOIN pg_catalog.pg_namespace ON pg_catalog.pg_namespace.oid = pg_catalog.pg_class.relnamespace 
WHERE pg_catalog.pg_class.relname = %(table_name)s AND pg_catalog.pg_class.relkind = ANY (ARRAY[%(param_1)s, %(param_2)s, %(param_3)s, %(param_4)s, %(param_5)s]) AND pg_catalog.pg_table_is_visible(pg_catalog.pg_class.oid) AND pg_catalog.pg_namespace.nspname != %(nspname_1)s
2026-04-01 21:17:00,949 - sqlalchemy.engine.Engine - INFO - [cached since 0.002875s ago] {'table_name': 'tasks', 'param_1': 'r', 'param_2': 'p', 'param_3': 'f', 'param_4': 'v', 'param_5': 'm', 'nspname_1': 'pg_catalog'}
2026-04-01 21:17:00,950 - sqlalchemy.engine.Engine - INFO - SELECT pg_catalog.pg_class.relname 
FROM pg_catalog.pg_class JOIN pg_catalog.pg_namespace ON pg_catalog.pg_namespace.oid = pg_catalog.pg_class.relnamespace 
WHERE pg_catalog.pg_class.relname = %(table_name)s AND pg_catalog.pg_class.relkind = ANY (ARRAY[%(param_1)s, %(param_2)s, %(param_3)s, %(param_4)s, %(param_5)s]) AND pg_catalog.pg_table_is_visible(pg_catalog.pg_class.oid) AND pg_catalog.pg_namespace.nspname != %(nspname_1)s
2026-04-01 21:17:00,951 - sqlalchemy.engine.Engine - INFO - [cached since 0.004115s ago] {'table_name': 'task_comments', 'param_1': 'r', 'param_2': 'p', 'param_3': 'f', 'param_4': 'v', 'param_5': 'm', 'nspname_1': 'pg_catalog'}
2026-04-01 21:17:00,951 - sqlalchemy.engine.Engine - INFO - SELECT pg_catalog.pg_class.relname 
FROM pg_catalog.pg_class JOIN pg_catalog.pg_namespace ON pg_catalog.pg_namespace.oid = pg_catalog.pg_class.relnamespace 
WHERE pg_catalog.pg_class.relname = %(table_name)s AND pg_catalog.pg_class.relkind = ANY (ARRAY[%(param_1)s, %(param_2)s, %(param_3)s, %(param_4)s, %(param_5)s]) AND pg_catalog.pg_table_is_visible(pg_catalog.pg_class.oid) AND pg_catalog.pg_namespace.nspname != %(nspname_1)s
2026-04-01 21:17:00,951 - sqlalchemy.engine.Engine - INFO - [cached since 0.00494s ago] {'table_name': 'audit_logs', 'param_1': 'r', 'param_2': 'p', 'param_3': 'f', 'param_4': 'v', 'param_5': 'm', 'nspname_1': 'pg_catalog'}
2026-04-01 21:17:00,952 - sqlalchemy.engine.Engine - INFO - SELECT pg_catalog.pg_class.relname 
FROM pg_catalog.pg_class JOIN pg_catalog.pg_namespace ON pg_catalog.pg_namespace.oid = pg_catalog.pg_class.relnamespace 
WHERE pg_catalog.pg_class.relname = %(table_name)s AND pg_catalog.pg_class.relkind = ANY (ARRAY[%(param_1)s, %(param_2)s, %(param_3)s, %(param_4)s, %(param_5)s]) AND pg_catalog.pg_table_is_visible(pg_catalog.pg_class.oid) AND pg_catalog.pg_namespace.nspname != %(nspname_1)s
2026-04-01 21:17:00,952 - sqlalchemy.engine.Engine - INFO - [cached since 0.005654s ago] {'table_name': 'companies', 'param_1': 'r', 'param_2': 'p', 'param_3': 'f', 'param_4': 'v', 'param_5': 'm', 'nspname_1': 'pg_catalog'}
2026-04-01 21:17:00,953 - sqlalchemy.engine.Engine - INFO - SELECT pg_catalog.pg_class.relname 
FROM pg_catalog.pg_class JOIN pg_catalog.pg_namespace ON pg_catalog.pg_namespace.oid = pg_catalog.pg_class.relnamespace 
WHERE pg_catalog.pg_class.relname = %(table_name)s AND pg_catalog.pg_class.relkind = ANY (ARRAY[%(param_1)s, %(param_2)s, %(param_3)s, %(param_4)s, %(param_5)s]) AND pg_catalog.pg_table_is_visible(pg_catalog.pg_class.oid) AND pg_catalog.pg_namespace.nspname != %(nspname_1)s
2026-04-01 21:17:00,953 - sqlalchemy.engine.Engine - INFO - [cached since 0.006433s ago] {'table_name': 'id_sequences', 'param_1': 'r', 'param_2': 'p', 'param_3': 'f', 'param_4': 'v', 'param_5': 'm', 'nspname_1': 'pg_catalog'}
2026-04-01 21:17:00,954 - sqlalchemy.engine.Engine - INFO - COMMIT
2026-04-01 21:17:02,766 - app.main - INFO - 🚀 NexusFlow AI API starting up...
2026-04-01 21:17:02,856 - alembic.runtime.plugins - INFO - setup plugin alembic.autogenerate.schemas
2026-04-01 21:17:02,857 - alembic.runtime.plugins - INFO - setup plugin alembic.autogenerate.tables
2026-04-01 21:17:02,857 - alembic.runtime.plugins - INFO - setup plugin alembic.autogenerate.types
2026-04-01 21:17:02,858 - alembic.runtime.plugins - INFO - setup plugin alembic.autogenerate.constraints
2026-04-01 21:17:02,858 - alembic.runtime.plugins - INFO - setup plugin alembic.autogenerate.defaults
2026-04-01 21:17:02,858 - alembic.runtime.plugins - INFO - setup plugin alembic.autogenerate.comments
2026-04-01 21:17:03,084 - sqlalchemy.engine.Engine - INFO - select pg_catalog.version()
2026-04-01 21:17:03,084 - sqlalchemy.engine.Engine - INFO - [raw sql] {}
2026-04-01 21:17:03,085 - sqlalchemy.engine.Engine - INFO - select current_schema()
2026-04-01 21:17:03,085 - sqlalchemy.engine.Engine - INFO - [raw sql] {}
2026-04-01 21:17:03,086 - sqlalchemy.engine.Engine - INFO - show standard_conforming_strings
2026-04-01 21:17:03,086 - sqlalchemy.engine.Engine - INFO - [raw sql] {}
2026-04-01 21:17:03,087 - sqlalchemy.engine.Engine - INFO - BEGIN (implicit)
2026-04-01 21:17:03,089 - sqlalchemy.engine.Engine - INFO - SELECT pg_catalog.pg_class.relname 
FROM pg_catalog.pg_class JOIN pg_catalog.pg_namespace ON pg_catalog.pg_namespace.oid = pg_catalog.pg_class.relnamespace 
WHERE pg_catalog.pg_class.relname = %(table_name)s AND pg_catalog.pg_class.relkind = ANY (ARRAY[%(param_1)s, %(param_2)s, %(param_3)s, %(param_4)s, %(param_5)s]) AND pg_catalog.pg_table_is_visible(pg_catalog.pg_class.oid) AND pg_catalog.pg_namespace.nspname != %(nspname_1)s
2026-04-01 21:17:03,089 - sqlalchemy.engine.Engine - INFO - [generated in 0.00038s] {'table_name': 'users', 'param_1': 'r', 'param_2': 'p', 'param_3': 'f', 'param_4': 'v', 'param_5': 'm', 'nspname_1': 'pg_catalog'}
2026-04-01 21:17:03,091 - sqlalchemy.engine.Engine - INFO - SELECT pg_catalog.pg_class.relname 
FROM pg_catalog.pg_class JOIN pg_catalog.pg_namespace ON pg_catalog.pg_namespace.oid = pg_catalog.pg_class.relnamespace 
WHERE pg_catalog.pg_class.relname = %(table_name)s AND pg_catalog.pg_class.relkind = ANY (ARRAY[%(param_1)s, %(param_2)s, %(param_3)s, %(param_4)s, %(param_5)s]) AND pg_catalog.pg_table_is_visible(pg_catalog.pg_class.oid) AND pg_catalog.pg_namespace.nspname != %(nspname_1)s
2026-04-01 21:17:03,091 - sqlalchemy.engine.Engine - INFO - [cached since 0.002548s ago] {'table_name': 'tasks', 'param_1': 'r', 'param_2': 'p', 'param_3': 'f', 'param_4': 'v', 'param_5': 'm', 'nspname_1': 'pg_catalog'}
2026-04-01 21:17:03,093 - sqlalchemy.engine.Engine - INFO - SELECT pg_catalog.pg_class.relname 
FROM pg_catalog.pg_class JOIN pg_catalog.pg_namespace ON pg_catalog.pg_namespace.oid = pg_catalog.pg_class.relnamespace 
WHERE pg_catalog.pg_class.relname = %(table_name)s AND pg_catalog.pg_class.relkind = ANY (ARRAY[%(param_1)s, %(param_2)s, %(param_3)s, %(param_4)s, %(param_5)s]) AND pg_catalog.pg_table_is_visible(pg_catalog.pg_class.oid) AND pg_catalog.pg_namespace.nspname != %(nspname_1)s
2026-04-01 21:17:03,093 - sqlalchemy.engine.Engine - INFO - [cached since 0.0041s ago] {'table_name': 'task_comments', 'param_1': 'r', 'param_2': 'p', 'param_3': 'f', 'param_4': 'v', 'param_5': 'm', 'nspname_1': 'pg_catalog'}
2026-04-01 21:17:03,094 - sqlalchemy.engine.Engine - INFO - SELECT pg_catalog.pg_class.relname 
FROM pg_catalog.pg_class JOIN pg_catalog.pg_namespace ON pg_catalog.pg_namespace.oid = pg_catalog.pg_class.relnamespace 
WHERE pg_catalog.pg_class.relname = %(table_name)s AND pg_catalog.pg_class.relkind = ANY (ARRAY[%(param_1)s, %(param_2)s, %(param_3)s, %(param_4)s, %(param_5)s]) AND pg_catalog.pg_table_is_visible(pg_catalog.pg_class.oid) AND pg_catalog.pg_namespace.nspname != %(nspname_1)s
2026-04-01 21:17:03,094 - sqlalchemy.engine.Engine - INFO - [cached since 0.005277s ago] {'table_name': 'audit_logs', 'param_1': 'r', 'param_2': 'p', 'param_3': 'f', 'param_4': 'v', 'param_5': 'm', 'nspname_1': 'pg_catalog'}
2026-04-01 21:17:03,095 - sqlalchemy.engine.Engine - INFO - SELECT pg_catalog.pg_class.relname 
FROM pg_catalog.pg_class JOIN pg_catalog.pg_namespace ON pg_catalog.pg_namespace.oid = pg_catalog.pg_class.relnamespace 
WHERE pg_catalog.pg_class.relname = %(table_name)s AND pg_catalog.pg_class.relkind = ANY (ARRAY[%(param_1)s, %(param_2)s, %(param_3)s, %(param_4)s, %(param_5)s]) AND pg_catalog.pg_table_is_visible(pg_catalog.pg_class.oid) AND pg_catalog.pg_namespace.nspname != %(nspname_1)s
2026-04-01 21:17:03,095 - sqlalchemy.engine.Engine - INFO - [cached since 0.006428s ago] {'table_name': 'companies', 'param_1': 'r', 'param_2': 'p', 'param_3': 'f', 'param_4': 'v', 'param_5': 'm', 'nspname_1': 'pg_catalog'}
2026-04-01 21:17:03,096 - sqlalchemy.engine.Engine - INFO - SELECT pg_catalog.pg_class.relname 
FROM pg_catalog.pg_class JOIN pg_catalog.pg_namespace ON pg_catalog.pg_namespace.oid = pg_catalog.pg_class.relnamespace 
WHERE pg_catalog.pg_class.relname = %(table_name)s AND pg_catalog.pg_class.relkind = ANY (ARRAY[%(param_1)s, %(param_2)s, %(param_3)s, %(param_4)s, %(param_5)s]) AND pg_catalog.pg_table_is_visible(pg_catalog.pg_class.oid) AND pg_catalog.pg_namespace.nspname != %(nspname_1)s
2026-04-01 21:17:03,096 - sqlalchemy.engine.Engine - INFO - [cached since 0.007499s ago] {'table_name': 'id_sequences', 'param_1': 'r', 'param_2': 'p', 'param_3': 'f', 'param_4': 'v', 'param_5': 'm', 'nspname_1': 'pg_catalog'}
2026-04-01 21:17:03,097 - sqlalchemy.engine.Engine - INFO - COMMIT
2026-04-01 21:17:14,106 - app.main - INFO - 🚀 NexusFlow AI API starting up...
2026-04-01 21:17:14,170 - alembic.runtime.plugins - INFO - setup plugin alembic.autogenerate.schemas
2026-04-01 21:17:14,171 - alembic.runtime.plugins - INFO - setup plugin alembic.autogenerate.tables
2026-04-01 21:17:14,171 - alembic.runtime.plugins - INFO - setup plugin alembic.autogenerate.types
2026-04-01 21:17:14,171 - alembic.runtime.plugins - INFO - setup plugin alembic.autogenerate.constraints
2026-04-01 21:17:14,172 - alembic.runtime.plugins - INFO - setup plugin alembic.autogenerate.defaults
2026-04-01 21:17:14,172 - alembic.runtime.plugins - INFO - setup plugin alembic.autogenerate.comments
2026-04-01 21:17:14,268 - sqlalchemy.engine.Engine - INFO - select pg_catalog.version()
2026-04-01 21:17:14,268 - sqlalchemy.engine.Engine - INFO - [raw sql] {}
2026-04-01 21:17:14,269 - sqlalchemy.engine.Engine - INFO - select current_schema()
2026-04-01 21:17:14,270 - sqlalchemy.engine.Engine - INFO - [raw sql] {}
2026-04-01 21:17:14,271 - sqlalchemy.engine.Engine - INFO - show standard_conforming_strings
2026-04-01 21:17:14,271 - sqlalchemy.engine.Engine - INFO - [raw sql] {}
2026-04-01 21:17:14,272 - sqlalchemy.engine.Engine - INFO - BEGIN (implicit)
2026-04-01 21:17:14,275 - sqlalchemy.engine.Engine - INFO - SELECT pg_catalog.pg_class.relname 
FROM pg_catalog.pg_class JOIN pg_catalog.pg_namespace ON pg_catalog.pg_namespace.oid = pg_catalog.pg_class.relnamespace 
WHERE pg_catalog.pg_class.relname = %(table_name)s AND pg_catalog.pg_class.relkind = ANY (ARRAY[%(param_1)s, %(param_2)s, %(param_3)s, %(param_4)s, %(param_5)s]) AND pg_catalog.pg_table_is_visible(pg_catalog.pg_class.oid) AND pg_catalog.pg_namespace.nspname != %(nspname_1)s
2026-04-01 21:17:14,275 - sqlalchemy.engine.Engine - INFO - [generated in 0.00060s] {'table_name': 'users', 'param_1': 'r', 'param_2': 'p', 'param_3': 'f', 'param_4': 'v', 'param_5': 'm', 'nspname_1': 'pg_catalog'}
2026-04-01 21:17:14,277 - sqlalchemy.engine.Engine - INFO - SELECT pg_catalog.pg_class.relname 
FROM pg_catalog.pg_class JOIN pg_catalog.pg_namespace ON pg_catalog.pg_namespace.oid = pg_catalog.pg_class.relnamespace 
WHERE pg_catalog.pg_class.relname = %(table_name)s AND pg_catalog.pg_class.relkind = ANY (ARRAY[%(param_1)s, %(param_2)s, %(param_3)s, %(param_4)s, %(param_5)s]) AND pg_catalog.pg_table_is_visible(pg_catalog.pg_class.oid) AND pg_catalog.pg_namespace.nspname != %(nspname_1)s
2026-04-01 21:17:14,278 - sqlalchemy.engine.Engine - INFO - [cached since 0.002892s ago] {'table_name': 'tasks', 'param_1': 'r', 'param_2': 'p', 'param_3': 'f', 'param_4': 'v', 'param_5': 'm', 'nspname_1': 'pg_catalog'}
2026-04-01 21:17:14,278 - sqlalchemy.engine.Engine - INFO - SELECT pg_catalog.pg_class.relname 
FROM pg_catalog.pg_class JOIN pg_catalog.pg_namespace ON pg_catalog.pg_namespace.oid = pg_catalog.pg_class.relnamespace 
WHERE pg_catalog.pg_class.relname = %(table_name)s AND pg_catalog.pg_class.relkind = ANY (ARRAY[%(param_1)s, %(param_2)s, %(param_3)s, %(param_4)s, %(param_5)s]) AND pg_catalog.pg_table_is_visible(pg_catalog.pg_class.oid) AND pg_catalog.pg_namespace.nspname != %(nspname_1)s
2026-04-01 21:17:14,279 - sqlalchemy.engine.Engine - INFO - [cached since 0.003926s ago] {'table_name': 'task_comments', 'param_1': 'r', 'param_2': 'p', 'param_3': 'f', 'param_4': 'v', 'param_5': 'm', 'nspname_1': 'pg_catalog'}
2026-04-01 21:17:14,279 - sqlalchemy.engine.Engine - INFO - SELECT pg_catalog.pg_class.relname 
FROM pg_catalog.pg_class JOIN pg_catalog.pg_namespace ON pg_catalog.pg_namespace.oid = pg_catalog.pg_class.relnamespace 
WHERE pg_catalog.pg_class.relname = %(table_name)s AND pg_catalog.pg_class.relkind = ANY (ARRAY[%(param_1)s, %(param_2)s, %(param_3)s, %(param_4)s, %(param_5)s]) AND pg_catalog.pg_table_is_visible(pg_catalog.pg_class.oid) AND pg_catalog.pg_namespace.nspname != %(nspname_1)s
2026-04-01 21:17:14,280 - sqlalchemy.engine.Engine - INFO - [cached since 0.004979s ago] {'table_name': 'audit_logs', 'param_1': 'r', 'param_2': 'p', 'param_3': 'f', 'param_4': 'v', 'param_5': 'm', 'nspname_1': 'pg_catalog'}
2026-04-01 21:17:14,280 - sqlalchemy.engine.Engine - INFO - SELECT pg_catalog.pg_class.relname 
FROM pg_catalog.pg_class JOIN pg_catalog.pg_namespace ON pg_catalog.pg_namespace.oid = pg_catalog.pg_class.relnamespace 
WHERE pg_catalog.pg_class.relname = %(table_name)s AND pg_catalog.pg_class.relkind = ANY (ARRAY[%(param_1)s, %(param_2)s, %(param_3)s, %(param_4)s, %(param_5)s]) AND pg_catalog.pg_table_is_visible(pg_catalog.pg_class.oid) AND pg_catalog.pg_namespace.nspname != %(nspname_1)s
2026-04-01 21:17:14,281 - sqlalchemy.engine.Engine - INFO - [cached since 0.006173s ago] {'table_name': 'companies', 'param_1': 'r', 'param_2': 'p', 'param_3': 'f', 'param_4': 'v', 'param_5': 'm', 'nspname_1': 'pg_catalog'}
2026-04-01 21:17:14,282 - sqlalchemy.engine.Engine - INFO - SELECT pg_catalog.pg_class.relname 
FROM pg_catalog.pg_class JOIN pg_catalog.pg_namespace ON pg_catalog.pg_namespace.oid = pg_catalog.pg_class.relnamespace 
WHERE pg_catalog.pg_class.relname = %(table_name)s AND pg_catalog.pg_class.relkind = ANY (ARRAY[%(param_1)s, %(param_2)s, %(param_3)s, %(param_4)s, %(param_5)s]) AND pg_catalog.pg_table_is_visible(pg_catalog.pg_class.oid) AND pg_catalog.pg_namespace.nspname != %(nspname_1)s
2026-04-01 21:17:14,282 - sqlalchemy.engine.Engine - INFO - [cached since 0.007574s ago] {'table_name': 'id_sequences', 'param_1': 'r', 'param_2': 'p', 'param_3': 'f', 'param_4': 'v', 'param_5': 'm', 'nspname_1': 'pg_catalog'}
2026-04-01 21:17:14,283 - sqlalchemy.engine.Engine - INFO - COMMIT
2026-04-01 23:35:17,322 - app.main - INFO - 🚀 NexusFlow AI API starting up...
2026-04-01 23:35:17,390 - alembic.runtime.plugins - INFO - setup plugin alembic.autogenerate.schemas
2026-04-01 23:35:17,390 - alembic.runtime.plugins - INFO - setup plugin alembic.autogenerate.tables
2026-04-01 23:35:17,390 - alembic.runtime.plugins - INFO - setup plugin alembic.autogenerate.types
2026-04-01 23:35:17,390 - alembic.runtime.plugins - INFO - setup plugin alembic.autogenerate.constraints
2026-04-01 23:35:17,390 - alembic.runtime.plugins - INFO - setup plugin alembic.autogenerate.defaults
2026-04-01 23:35:17,391 - alembic.runtime.plugins - INFO - setup plugin alembic.autogenerate.comments
2026-04-01 23:35:17,491 - sqlalchemy.engine.Engine - INFO - select pg_catalog.version()
2026-04-01 23:35:17,492 - sqlalchemy.engine.Engine - INFO - [raw sql] {}
2026-04-01 23:35:17,493 - sqlalchemy.engine.Engine - INFO - select current_schema()
2026-04-01 23:35:17,493 - sqlalchemy.engine.Engine - INFO - [raw sql] {}
2026-04-01 23:35:17,494 - sqlalchemy.engine.Engine - INFO - show standard_conforming_strings
2026-04-01 23:35:17,494 - sqlalchemy.engine.Engine - INFO - [raw sql] {}
2026-04-01 23:35:17,494 - sqlalchemy.engine.Engine - INFO - BEGIN (implicit)
2026-04-01 23:35:17,497 - sqlalchemy.engine.Engine - INFO - SELECT pg_catalog.pg_class.relname 
FROM pg_catalog.pg_class JOIN pg_catalog.pg_namespace ON pg_catalog.pg_namespace.oid = pg_catalog.pg_class.relnamespace 
WHERE pg_catalog.pg_class.relname = %(table_name)s AND pg_catalog.pg_class.relkind = ANY (ARRAY[%(param_1)s, %(param_2)s, %(param_3)s, %(param_4)s, %(param_5)s]) AND pg_catalog.pg_table_is_visible(pg_catalog.pg_class.oid) AND pg_catalog.pg_namespace.nspname != %(nspname_1)s
2026-04-01 23:35:17,497 - sqlalchemy.engine.Engine - INFO - [generated in 0.00047s] {'table_name': 'users', 'param_1': 'r', 'param_2': 'p', 'param_3': 'f', 'param_4': 'v', 'param_5': 'm', 'nspname_1': 'pg_catalog'}
2026-04-01 23:35:17,499 - sqlalchemy.engine.Engine - INFO - SELECT pg_catalog.pg_class.relname 
FROM pg_catalog.pg_class JOIN pg_catalog.pg_namespace ON pg_catalog.pg_namespace.oid = pg_catalog.pg_class.relnamespace 
WHERE pg_catalog.pg_class.relname = %(table_name)s AND pg_catalog.pg_class.relkind = ANY (ARRAY[%(param_1)s, %(param_2)s, %(param_3)s, %(param_4)s, %(param_5)s]) AND pg_catalog.pg_table_is_visible(pg_catalog.pg_class.oid) AND pg_catalog.pg_namespace.nspname != %(nspname_1)s
2026-04-01 23:35:17,499 - sqlalchemy.engine.Engine - INFO - [cached since 0.002564s ago] {'table_name': 'tasks', 'param_1': 'r', 'param_2': 'p', 'param_3': 'f', 'param_4': 'v', 'param_5': 'm', 'nspname_1': 'pg_catalog'}
2026-04-01 23:35:17,500 - sqlalchemy.engine.Engine - INFO - SELECT pg_catalog.pg_class.relname 
FROM pg_catalog.pg_class JOIN pg_catalog.pg_namespace ON pg_catalog.pg_namespace.oid = pg_catalog.pg_class.relnamespace 
WHERE pg_catalog.pg_class.relname = %(table_name)s AND pg_catalog.pg_class.relkind = ANY (ARRAY[%(param_1)s, %(param_2)s, %(param_3)s, %(param_4)s, %(param_5)s]) AND pg_catalog.pg_table_is_visible(pg_catalog.pg_class.oid) AND pg_catalog.pg_namespace.nspname != %(nspname_1)s
2026-04-01 23:35:17,500 - sqlalchemy.engine.Engine - INFO - [cached since 0.003515s ago] {'table_name': 'task_comments', 'param_1': 'r', 'param_2': 'p', 'param_3': 'f', 'param_4': 'v', 'param_5': 'm', 'nspname_1': 'pg_catalog'}
2026-04-01 23:35:17,501 - sqlalchemy.engine.Engine - INFO - SELECT pg_catalog.pg_class.relname 
FROM pg_catalog.pg_class JOIN pg_catalog.pg_namespace ON pg_catalog.pg_namespace.oid = pg_catalog.pg_class.relnamespace 
WHERE pg_catalog.pg_class.relname = %(table_name)s AND pg_catalog.pg_class.relkind = ANY (ARRAY[%(param_1)s, %(param_2)s, %(param_3)s, %(param_4)s, %(param_5)s]) AND pg_catalog.pg_table_is_visible(pg_catalog.pg_class.oid) AND pg_catalog.pg_namespace.nspname != %(nspname_1)s
2026-04-01 23:35:17,501 - sqlalchemy.engine.Engine - INFO - [cached since 0.004266s ago] {'table_name': 'audit_logs', 'param_1': 'r', 'param_2': 'p', 'param_3': 'f', 'param_4': 'v', 'param_5': 'm', 'nspname_1': 'pg_catalog'}
2026-04-01 23:35:17,502 - sqlalchemy.engine.Engine - INFO - SELECT pg_catalog.pg_class.relname 
FROM pg_catalog.pg_class JOIN pg_catalog.pg_namespace ON pg_catalog.pg_namespace.oid = pg_catalog.pg_class.relnamespace 
WHERE pg_catalog.pg_class.relname = %(table_name)s AND pg_catalog.pg_class.relkind = ANY (ARRAY[%(param_1)s, %(param_2)s, %(param_3)s, %(param_4)s, %(param_5)s]) AND pg_catalog.pg_table_is_visible(pg_catalog.pg_class.oid) AND pg_catalog.pg_namespace.nspname != %(nspname_1)s
2026-04-01 23:35:17,502 - sqlalchemy.engine.Engine - INFO - [cached since 0.005132s ago] {'table_name': 'companies', 'param_1': 'r', 'param_2': 'p', 'param_3': 'f', 'param_4': 'v', 'param_5': 'm', 'nspname_1': 'pg_catalog'}
2026-04-01 23:35:17,503 - sqlalchemy.engine.Engine - INFO - SELECT pg_catalog.pg_class.relname 
FROM pg_catalog.pg_class JOIN pg_catalog.pg_namespace ON pg_catalog.pg_namespace.oid = pg_catalog.pg_class.relnamespace 
WHERE pg_catalog.pg_class.relname = %(table_name)s AND pg_catalog.pg_class.relkind = ANY (ARRAY[%(param_1)s, %(param_2)s, %(param_3)s, %(param_4)s, %(param_5)s]) AND pg_catalog.pg_table_is_visible(pg_catalog.pg_class.oid) AND pg_catalog.pg_namespace.nspname != %(nspname_1)s
2026-04-01 23:35:17,503 - sqlalchemy.engine.Engine - INFO - [cached since 0.006118s ago] {'table_name': 'id_sequences', 'param_1': 'r', 'param_2': 'p', 'param_3': 'f', 'param_4': 'v', 'param_5': 'm', 'nspname_1': 'pg_catalog'}
2026-04-01 23:35:17,504 - sqlalchemy.engine.Engine - INFO - COMMIT
